This file contains any messages produced by compilers while
running configure, to aid debugging if configure makes a mistake.

It was created by tcsh configure 6.19.00, which was
generated by GNU Autoconf 2.69.  Invocation command line was

  $ ./configure --host=mips-linux --build=mips --enable-static

## --------- ##
## Platform. ##
## --------- ##

hostname = dev-con-cloud-devshell-6892-devshell-vm-0e7862af-1bbc-44bd-8193
uname -m = x86_64
uname -r = 3.16.0-0.bpo.4-amd64
uname -s = Linux
uname -v = #1 SMP Debian 3.16.7-ckt11-1+deb8u6~bpo70+1 (2015-11-11)

/usr/bin/uname -p = unknown
/bin/uname -X     = unknown

/bin/arch              = unknown
/usr/bin/arch -k       = unknown
/usr/convex/getsysinfo = unknown
/usr/bin/hostinfo      = unknown
/bin/machine           = unknown
/usr/bin/oslevel       = unknown
/bin/universe          = unknown

PATH: /usr/local/nvm/versions/node/v0.12.7/bin
PATH: /google/google-cloud-sdk/bin
PATH: /usr/local/sbin
PATH: /usr/local/bin
PATH: /usr/sbin
PATH: /usr/bin
PATH: /sbin
PATH: /bin
PATH: /home/hzy19930315/cross-compiler-mips/bin


## ----------- ##
## Core tests. ##
## ----------- ##

configure:2575: checking for a BSD-compatible install
configure:2643: result: /usr/bin/install -c
configure:2658: checking build system type
configure:2672: result: mips-unknown-elf
configure:2692: checking host system type
configure:2705: result: mips-unknown-linux-gnu
configure:2726: checking cached host tuple
configure:2734: result: ok
configure:2998: checking for mips-linux-gcc
configure:3025: result: mips-gcc
configure:3294: checking for C compiler version
configure:3303: mips-gcc --version >&5
uClibc mips-rawgcc (GCC) 4.1.2
Copyright (C) 2006 Free Software Foundation, Inc.
This is free software; see the source for copying conditions.  There is NO
warranty; not even for MERCHANTABILITY or FITNESS FOR A PARTICULAR PURPOSE.

configure:3314: $? = 0
configure:3303: mips-gcc -v >&5
Invoked as mips-gcc
Reference path: /home/hzy19930315/cross-compiler-mips/bin/..
arg[ 0] = mips-rawgcc
arg[ 1] = -U__nptl__
arg[ 2] = -v
Using built-in specs.
Target: mips-unknown-linux
Configured with: /home/firmware/build/temp-mips/gcc-core/configure --prefix=/home/firmware/build/cross-compiler-mips --host=i686-walrus-linux --target=mips-unknown-linux --enable-languages=c,c++ --enable-long-long --enable-c99 --disable-shared --disable-threads --disable-nls --disable-multilib --enable-__cxa_atexit --disable-libstdcxx-pch --enable-sjlj-exceptions --program-prefix=mips-
Thread model: single
gcc version 4.1.2
configure:3314: $? = 0
configure:3303: mips-gcc -V >&5
mips-rawgcc: '-V' must come at the start of the command line
configure:3314: $? = 1
configure:3303: mips-gcc -qversion >&5
mips-rawgcc: unrecognized option '-qversion'
mips-rawgcc: no input files
configure:3314: $? = 1
configure:3334: checking whether the C compiler works
configure:3356: mips-gcc    conftest.c  >&5
configure:3360: $? = 0
configure:3408: result: yes
configure:3411: checking for C compiler default output file name
configure:3413: result: a.out
configure:3419: checking for suffix of executables
configure:3426: mips-gcc -o conftest    conftest.c  >&5
configure:3430: $? = 0
configure:3452: result: 
configure:3474: checking whether we are cross compiling
configure:3512: result: yes
configure:3517: checking for suffix of object files
configure:3539: mips-gcc -c   conftest.c >&5
configure:3543: $? = 0
configure:3564: result: o
configure:3568: checking whether we are using the GNU C compiler
configure:3587: mips-gcc -c   conftest.c >&5
configure:3587: $? = 0
configure:3596: result: yes
configure:3605: checking whether mips-gcc accepts -g
configure:3625: mips-gcc -c -g  conftest.c >&5
configure:3625: $? = 0
configure:3666: result: yes
configure:3683: checking for mips-gcc option to accept ISO C89
configure:3746: mips-gcc  -c -g -O2  conftest.c >&5
configure:3746: $? = 0
configure:3759: result: none needed
configure:3784: checking how to run the C preprocessor
configure:3815: mips-gcc -E  conftest.c
configure:3815: $? = 0
configure:3829: mips-gcc -E  conftest.c
conftest.c:9:28: error: ac_nonexistent.h: No such file or directory
configure:3829: $? = 1
configure: failed program was:
| /* confdefs.h */
| #define PACKAGE_NAME "tcsh"
| #define PACKAGE_TARNAME "tcsh"
| #define PACKAGE_VERSION "6.19.00"
| #define PACKAGE_STRING "tcsh 6.19.00"
| #define PACKAGE_BUGREPORT "http://bugs.gw.com/"
| #define PACKAGE_URL ""
| /* end confdefs.h.  */
| #include <ac_nonexistent.h>
configure:3854: result: mips-gcc -E
configure:3874: mips-gcc -E  conftest.c
configure:3874: $? = 0
configure:3888: mips-gcc -E  conftest.c
conftest.c:9:28: error: ac_nonexistent.h: No such file or directory
configure:3888: $? = 1
configure: failed program was:
| /* confdefs.h */
| #define PACKAGE_NAME "tcsh"
| #define PACKAGE_TARNAME "tcsh"
| #define PACKAGE_VERSION "6.19.00"
| #define PACKAGE_STRING "tcsh 6.19.00"
| #define PACKAGE_BUGREPORT "http://bugs.gw.com/"
| #define PACKAGE_URL ""
| /* end confdefs.h.  */
| #include <ac_nonexistent.h>
configure:3918: checking for grep that handles long lines and -e
configure:3976: result: /bin/grep
configure:3981: checking for egrep
configure:4043: result: /bin/grep -E
configure:4049: checking whether mips-gcc needs -traditional
configure:4083: result: no
configure:4093: checking for gencat
configure:4111: found /usr/bin/gencat
configure:4123: result: /usr/bin/gencat
configure:4144: checking for library containing crypt
configure:4175: mips-gcc -o conftest -g -O2   conftest.c  >&5
/tmp/ccavmqwB.o: In function `main':
/home/hzy19930315/tcsh-6.19.00/conftest.c:20: undefined reference to `crypt'
configure:4175: $? = 1
configure: failed program was:
| /* confdefs.h */
| #define PACKAGE_NAME "tcsh"
| #define PACKAGE_TARNAME "tcsh"
| #define PACKAGE_VERSION "6.19.00"
| #define PACKAGE_STRING "tcsh 6.19.00"
| #define PACKAGE_BUGREPORT "http://bugs.gw.com/"
| #define PACKAGE_URL ""
| /* end confdefs.h.  */
| 
| /* Override any GCC internal prototype to avoid an error.
|    Use char because int might match the return type of a GCC
|    builtin and then its argument prototype would still apply.  */
| #ifdef __cplusplus
| extern "C"
| #endif
| char crypt ();
| int
| main ()
| {
| return crypt ();
|   ;
|   return 0;
| }
configure:4175: mips-gcc -o conftest -g -O2   conftest.c -lcrypt   >&5
configure:4175: $? = 0
configure:4192: result: -lcrypt
configure:4200: checking for library containing getspnam
configure:4231: mips-gcc -o conftest -g -O2   conftest.c -lcrypt  >&5
configure:4231: $? = 0
configure:4248: result: none required
configure:4256: checking for library containing tgetent
configure:4287: mips-gcc -o conftest -g -O2   conftest.c -lcrypt  >&5
/tmp/ccUgP02G.o: In function `main':
/home/hzy19930315/tcsh-6.19.00/conftest.c:20: undefined reference to `tgetent'
configure:4287: $? = 1
configure: failed program was:
| /* confdefs.h */
| #define PACKAGE_NAME "tcsh"
| #define PACKAGE_TARNAME "tcsh"
| #define PACKAGE_VERSION "6.19.00"
| #define PACKAGE_STRING "tcsh 6.19.00"
| #define PACKAGE_BUGREPORT "http://bugs.gw.com/"
| #define PACKAGE_URL ""
| /* end confdefs.h.  */
| 
| /* Override any GCC internal prototype to avoid an error.
|    Use char because int might match the return type of a GCC
|    builtin and then its argument prototype would still apply.  */
| #ifdef __cplusplus
| extern "C"
| #endif
| char tgetent ();
| int
| main ()
| {
| return tgetent ();
|   ;
|   return 0;
| }
configure:4287: mips-gcc -o conftest -g -O2   conftest.c -ltermlib  -lcrypt  >&5
/home/hzy19930315/cross-compiler-mips/bin/../libexec/gcc/mips-unknown-linux/4.1.2/collect2: cannot find -ltermlib
configure:4287: $? = 1
configure: failed program was:
| /* confdefs.h */
| #define PACKAGE_NAME "tcsh"
| #define PACKAGE_TARNAME "tcsh"
| #define PACKAGE_VERSION "6.19.00"
| #define PACKAGE_STRING "tcsh 6.19.00"
| #define PACKAGE_BUGREPORT "http://bugs.gw.com/"
| #define PACKAGE_URL ""
| /* end confdefs.h.  */
| 
| /* Override any GCC internal prototype to avoid an error.
|    Use char because int might match the return type of a GCC
|    builtin and then its argument prototype would still apply.  */
| #ifdef __cplusplus
| extern "C"
| #endif
| char tgetent ();
| int
| main ()
| {
| return tgetent ();
|   ;
|   return 0;
| }
configure:4287: mips-gcc -o conftest -g -O2   conftest.c -ltermcap  -lcrypt  >&5
/home/hzy19930315/cross-compiler-mips/bin/../libexec/gcc/mips-unknown-linux/4.1.2/collect2: cannot find -ltermcap
configure:4287: $? = 1
configure: failed program was:
| /* confdefs.h */
| #define PACKAGE_NAME "tcsh"
| #define PACKAGE_TARNAME "tcsh"
| #define PACKAGE_VERSION "6.19.00"
| #define PACKAGE_STRING "tcsh 6.19.00"
| #define PACKAGE_BUGREPORT "http://bugs.gw.com/"
| #define PACKAGE_URL ""
| /* end confdefs.h.  */
| 
| /* Override any GCC internal prototype to avoid an error.
|    Use char because int might match the return type of a GCC
|    builtin and then its argument prototype would still apply.  */
| #ifdef __cplusplus
| extern "C"
| #endif
| char tgetent ();
| int
| main ()
| {
| return tgetent ();
|   ;
|   return 0;
| }
configure:4287: mips-gcc -o conftest -g -O2   conftest.c -lcurses  -lcrypt  >&5
/home/hzy19930315/cross-compiler-mips/bin/../libexec/gcc/mips-unknown-linux/4.1.2/collect2: cannot find -lcurses
configure:4287: $? = 1
configure: failed program was:
| /* confdefs.h */
| #define PACKAGE_NAME "tcsh"
| #define PACKAGE_TARNAME "tcsh"
| #define PACKAGE_VERSION "6.19.00"
| #define PACKAGE_STRING "tcsh 6.19.00"
| #define PACKAGE_BUGREPORT "http://bugs.gw.com/"
| #define PACKAGE_URL ""
| /* end confdefs.h.  */
| 
| /* Override any GCC internal prototype to avoid an error.
|    Use char because int might match the return type of a GCC
|    builtin and then its argument prototype would still apply.  */
| #ifdef __cplusplus
| extern "C"
| #endif
| char tgetent ();
| int
| main ()
| {
| return tgetent ();
|   ;
|   return 0;
| }
configure:4287: mips-gcc -o conftest -g -O2   conftest.c -lncurses  -lcrypt  >&5
configure:4287: $? = 0
configure:4304: result: -lncurses
configure:4312: checking for library containing gethostbyname
configure:4343: mips-gcc -o conftest -g -O2   conftest.c -lncurses -lcrypt  >&5
configure:4343: $? = 0
configure:4360: result: none required
configure:4368: checking for library containing connect
configure:4399: mips-gcc -o conftest -g -O2   conftest.c -lncurses -lcrypt  >&5
configure:4399: $? = 0
configure:4416: result: none required
configure:4424: checking for library containing catgets
configure:4455: mips-gcc -o conftest -g -O2   conftest.c -lncurses -lcrypt  >&5
/tmp/ccynFZW6.o: In function `main':
/home/hzy19930315/tcsh-6.19.00/conftest.c:20: undefined reference to `catgets'
configure:4455: $? = 1
configure: failed program was:
| /* confdefs.h */
| #define PACKAGE_NAME "tcsh"
| #define PACKAGE_TARNAME "tcsh"
| #define PACKAGE_VERSION "6.19.00"
| #define PACKAGE_STRING "tcsh 6.19.00"
| #define PACKAGE_BUGREPORT "http://bugs.gw.com/"
| #define PACKAGE_URL ""
| /* end confdefs.h.  */
| 
| /* Override any GCC internal prototype to avoid an error.
|    Use char because int might match the return type of a GCC
|    builtin and then its argument prototype would still apply.  */
| #ifdef __cplusplus
| extern "C"
| #endif
| char catgets ();
| int
| main ()
| {
| return catgets ();
|   ;
|   return 0;
| }
configure:4455: mips-gcc -o conftest -g -O2   conftest.c -lcatgets  -lncurses -lcrypt  >&5
/home/hzy19930315/cross-compiler-mips/bin/../libexec/gcc/mips-unknown-linux/4.1.2/collect2: cannot find -lcatgets
configure:4455: $? = 1
configure: failed program was:
| /* confdefs.h */
| #define PACKAGE_NAME "tcsh"
| #define PACKAGE_TARNAME "tcsh"
| #define PACKAGE_VERSION "6.19.00"
| #define PACKAGE_STRING "tcsh 6.19.00"
| #define PACKAGE_BUGREPORT "http://bugs.gw.com/"
| #define PACKAGE_URL ""
| /* end confdefs.h.  */
| 
| /* Override any GCC internal prototype to avoid an error.
|    Use char because int might match the return type of a GCC
|    builtin and then its argument prototype would still apply.  */
| #ifdef __cplusplus
| extern "C"
| #endif
| char catgets ();
| int
| main ()
| {
| return catgets ();
|   ;
|   return 0;
| }
configure:4472: result: no
configure:4521: checking for ld used by mips-gcc
configure:4588: result: /usr/bin/ld
configure:4595: checking if the linker (/usr/bin/ld) is GNU ld
configure:4610: result: yes
configure:4617: checking for shared library run path origin
configure:4630: result: done
configure:5208: checking for iconv
configure:5232: mips-gcc -o conftest -g -O2   conftest.c -lncurses -lcrypt  >&5
conftest.c:11:19: error: iconv.h: No such file or directory
conftest.c: In function 'main':
conftest.c:16: error: 'iconv_t' undeclared (first use in this function)
conftest.c:16: error: (Each undeclared identifier is reported only once
conftest.c:16: error: for each function it appears in.)
conftest.c:16: error: expected ';' before 'cd'
conftest.c:17: error: 'cd' undeclared (first use in this function)
configure:5232: $? = 1
configure: failed program was:
| /* confdefs.h */
| #define PACKAGE_NAME "tcsh"
| #define PACKAGE_TARNAME "tcsh"
| #define PACKAGE_VERSION "6.19.00"
| #define PACKAGE_STRING "tcsh 6.19.00"
| #define PACKAGE_BUGREPORT "http://bugs.gw.com/"
| #define PACKAGE_URL ""
| /* end confdefs.h.  */
| 
| #include <stdlib.h>
| #include <iconv.h>
| 
| int
| main ()
| {
| iconv_t cd = iconv_open("","");
|            iconv(cd,NULL,NULL,NULL,NULL);
|            iconv_close(cd);
|   ;
|   return 0;
| }
configure:5256: mips-gcc -o conftest -g -O2   conftest.c -lncurses -lcrypt  -liconv >&5
conftest.c:11:19: error: iconv.h: No such file or directory
conftest.c: In function 'main':
conftest.c:16: error: 'iconv_t' undeclared (first use in this function)
conftest.c:16: error: (Each undeclared identifier is reported only once
conftest.c:16: error: for each function it appears in.)
conftest.c:16: error: expected ';' before 'cd'
conftest.c:17: error: 'cd' undeclared (first use in this function)
configure:5256: $? = 1
configure: failed program was:
| /* confdefs.h */
| #define PACKAGE_NAME "tcsh"
| #define PACKAGE_TARNAME "tcsh"
| #define PACKAGE_VERSION "6.19.00"
| #define PACKAGE_STRING "tcsh 6.19.00"
| #define PACKAGE_BUGREPORT "http://bugs.gw.com/"
| #define PACKAGE_URL ""
| /* end confdefs.h.  */
| 
| #include <stdlib.h>
| #include <iconv.h>
| 
| int
| main ()
| {
| iconv_t cd = iconv_open("","");
|              iconv(cd,NULL,NULL,NULL,NULL);
|              iconv_close(cd);
|   ;
|   return 0;
| }
configure:5266: result: no, consider installing GNU libiconv
configure:5490: checking for ANSI C header files
configure:5510: mips-gcc -c -g -O2  conftest.c >&5
configure:5510: $? = 0
configure:5594: result: yes
configure:5607: checking for sys/types.h
configure:5607: mips-gcc -c -g -O2  conftest.c >&5
configure:5607: $? = 0
configure:5607: result: yes
configure:5607: checking for sys/stat.h
configure:5607: mips-gcc -c -g -O2  conftest.c >&5
configure:5607: $? = 0
configure:5607: result: yes
configure:5607: checking for stdlib.h
configure:5607: mips-gcc -c -g -O2  conftest.c >&5
configure:5607: $? = 0
configure:5607: result: yes
configure:5607: checking for string.h
configure:5607: mips-gcc -c -g -O2  conftest.c >&5
configure:5607: $? = 0
configure:5607: result: yes
configure:5607: checking for memory.h
configure:5607: mips-gcc -c -g -O2  conftest.c >&5
configure:5607: $? = 0
configure:5607: result: yes
configure:5607: checking for strings.h
configure:5607: mips-gcc -c -g -O2  conftest.c >&5
configure:5607: $? = 0
configure:5607: result: yes
configure:5607: checking for inttypes.h
configure:5607: mips-gcc -c -g -O2  conftest.c >&5
configure:5607: $? = 0
configure:5607: result: yes
configure:5607: checking for stdint.h
configure:5607: mips-gcc -c -g -O2  conftest.c >&5
configure:5607: $? = 0
configure:5607: result: yes
configure:5607: checking for unistd.h
configure:5607: mips-gcc -c -g -O2  conftest.c >&5
configure:5607: $? = 0
configure:5607: result: yes
configure:5622: checking auth.h usability
configure:5622: mips-gcc -c -g -O2  conftest.c >&5
conftest.c:52:18: error: auth.h: No such file or directory
configure:5622: $? = 1
configure: failed program was:
| /* confdefs.h */
| #define PACKAGE_NAME "tcsh"
| #define PACKAGE_TARNAME "tcsh"
| #define PACKAGE_VERSION "6.19.00"
| #define PACKAGE_STRING "tcsh 6.19.00"
| #define PACKAGE_BUGREPORT "http://bugs.gw.com/"
| #define PACKAGE_URL ""
| #define STDC_HEADERS 1
| #define HAVE_SYS_TYPES_H 1
| #define HAVE_SYS_STAT_H 1
| #define HAVE_STDLIB_H 1
| #define HAVE_STRING_H 1
| #define HAVE_MEMORY_H 1
| #define HAVE_STRINGS_H 1
| #define HAVE_INTTYPES_H 1
| #define HAVE_STDINT_H 1
| #define HAVE_UNISTD_H 1
| /* end confdefs.h.  */
| #include <stdio.h>
| #ifdef HAVE_SYS_TYPES_H
| # include <sys/types.h>
| #endif
| #ifdef HAVE_SYS_STAT_H
| # include <sys/stat.h>
| #endif
| #ifdef STDC_HEADERS
| # include <stdlib.h>
| # include <stddef.h>
| #else
| # ifdef HAVE_STDLIB_H
| #  include <stdlib.h>
| # endif
| #endif
| #ifdef HAVE_STRING_H
| # if !defined STDC_HEADERS && defined HAVE_MEMORY_H
| #  include <memory.h>
| # endif
| # include <string.h>
| #endif
| #ifdef HAVE_STRINGS_H
| # include <strings.h>
| #endif
| #ifdef HAVE_INTTYPES_H
| # include <inttypes.h>
| #endif
| #ifdef HAVE_STDINT_H
| # include <stdint.h>
| #endif
| #ifdef HAVE_UNISTD_H
| # include <unistd.h>
| #endif
| #include <auth.h>
configure:5622: result: no
configure:5622: checking auth.h presence
configure:5622: mips-gcc -E  conftest.c
conftest.c:19:18: error: auth.h: No such file or directory
configure:5622: $? = 1
configure: failed program was:
| /* confdefs.h */
| #define PACKAGE_NAME "tcsh"
| #define PACKAGE_TARNAME "tcsh"
| #define PACKAGE_VERSION "6.19.00"
| #define PACKAGE_STRING "tcsh 6.19.00"
| #define PACKAGE_BUGREPORT "http://bugs.gw.com/"
| #define PACKAGE_URL ""
| #define STDC_HEADERS 1
| #define HAVE_SYS_TYPES_H 1
| #define HAVE_SYS_STAT_H 1
| #define HAVE_STDLIB_H 1
| #define HAVE_STRING_H 1
| #define HAVE_MEMORY_H 1
| #define HAVE_STRINGS_H 1
| #define HAVE_INTTYPES_H 1
| #define HAVE_STDINT_H 1
| #define HAVE_UNISTD_H 1
| /* end confdefs.h.  */
| #include <auth.h>
configure:5622: result: no
configure:5622: checking for auth.h
configure:5622: result: no
configure:5622: checking crypt.h usability
configure:5622: mips-gcc -c -g -O2  conftest.c >&5
configure:5622: $? = 0
configure:5622: result: yes
configure:5622: checking crypt.h presence
configure:5622: mips-gcc -E  conftest.c
configure:5622: $? = 0
configure:5622: result: yes
configure:5622: checking for crypt.h
configure:5622: result: yes
configure:5622: checking features.h usability
configure:5622: mips-gcc -c -g -O2  conftest.c >&5
configure:5622: $? = 0
configure:5622: result: yes
configure:5622: checking features.h presence
configure:5622: mips-gcc -E  conftest.c
configure:5622: $? = 0
configure:5622: result: yes
configure:5622: checking for features.h
configure:5622: result: yes
configure:5622: checking for inttypes.h
configure:5622: result: yes
configure:5622: checking paths.h usability
configure:5622: mips-gcc -c -g -O2  conftest.c >&5
configure:5622: $? = 0
configure:5622: result: yes
configure:5622: checking paths.h presence
configure:5622: mips-gcc -E  conftest.c
configure:5622: $? = 0
configure:5622: result: yes
configure:5622: checking for paths.h
configure:5622: result: yes
configure:5622: checking shadow.h usability
configure:5622: mips-gcc -c -g -O2  conftest.c >&5
configure:5622: $? = 0
configure:5622: result: yes
configure:5622: checking shadow.h presence
configure:5622: mips-gcc -E  conftest.c
configure:5622: $? = 0
configure:5622: result: yes
configure:5622: checking for shadow.h
configure:5622: result: yes
configure:5622: checking for stdint.h
configure:5622: result: yes
configure:5622: checking utmp.h usability
configure:5622: mips-gcc -c -g -O2  conftest.c >&5
configure:5622: $? = 0
configure:5622: result: yes
configure:5622: checking utmp.h presence
configure:5622: mips-gcc -E  conftest.c
configure:5622: $? = 0
configure:5622: result: yes
configure:5622: checking for utmp.h
configure:5622: result: yes
configure:5622: checking utmpx.h usability
configure:5622: mips-gcc -c -g -O2  conftest.c >&5
conftest.c:59:19: error: utmpx.h: No such file or directory
configure:5622: $? = 1
configure: failed program was:
| /* confdefs.h */
| #define PACKAGE_NAME "tcsh"
| #define PACKAGE_TARNAME "tcsh"
| #define PACKAGE_VERSION "6.19.00"
| #define PACKAGE_STRING "tcsh 6.19.00"
| #define PACKAGE_BUGREPORT "http://bugs.gw.com/"
| #define PACKAGE_URL ""
| #define STDC_HEADERS 1
| #define HAVE_SYS_TYPES_H 1
| #define HAVE_SYS_STAT_H 1
| #define HAVE_STDLIB_H 1
| #define HAVE_STRING_H 1
| #define HAVE_MEMORY_H 1
| #define HAVE_STRINGS_H 1
| #define HAVE_INTTYPES_H 1
| #define HAVE_STDINT_H 1
| #define HAVE_UNISTD_H 1
| #define HAVE_CRYPT_H 1
| #define HAVE_FEATURES_H 1
| #define HAVE_INTTYPES_H 1
| #define HAVE_PATHS_H 1
| #define HAVE_SHADOW_H 1
| #define HAVE_STDINT_H 1
| #define HAVE_UTMP_H 1
| /* end confdefs.h.  */
| #include <stdio.h>
| #ifdef HAVE_SYS_TYPES_H
| # include <sys/types.h>
| #endif
| #ifdef HAVE_SYS_STAT_H
| # include <sys/stat.h>
| #endif
| #ifdef STDC_HEADERS
| # include <stdlib.h>
| # include <stddef.h>
| #else
| # ifdef HAVE_STDLIB_H
| #  include <stdlib.h>
| # endif
| #endif
| #ifdef HAVE_STRING_H
| # if !defined STDC_HEADERS && defined HAVE_MEMORY_H
| #  include <memory.h>
| # endif
| # include <string.h>
| #endif
| #ifdef HAVE_STRINGS_H
| # include <strings.h>
| #endif
| #ifdef HAVE_INTTYPES_H
| # include <inttypes.h>
| #endif
| #ifdef HAVE_STDINT_H
| # include <stdint.h>
| #endif
| #ifdef HAVE_UNISTD_H
| # include <unistd.h>
| #endif
| #include <utmpx.h>
configure:5622: result: no
configure:5622: checking utmpx.h presence
configure:5622: mips-gcc -E  conftest.c
conftest.c:26:19: error: utmpx.h: No such file or directory
configure:5622: $? = 1
configure: failed program was:
| /* confdefs.h */
| #define PACKAGE_NAME "tcsh"
| #define PACKAGE_TARNAME "tcsh"
| #define PACKAGE_VERSION "6.19.00"
| #define PACKAGE_STRING "tcsh 6.19.00"
| #define PACKAGE_BUGREPORT "http://bugs.gw.com/"
| #define PACKAGE_URL ""
| #define STDC_HEADERS 1
| #define HAVE_SYS_TYPES_H 1
| #define HAVE_SYS_STAT_H 1
| #define HAVE_STDLIB_H 1
| #define HAVE_STRING_H 1
| #define HAVE_MEMORY_H 1
| #define HAVE_STRINGS_H 1
| #define HAVE_INTTYPES_H 1
| #define HAVE_STDINT_H 1
| #define HAVE_UNISTD_H 1
| #define HAVE_CRYPT_H 1
| #define HAVE_FEATURES_H 1
| #define HAVE_INTTYPES_H 1
| #define HAVE_PATHS_H 1
| #define HAVE_SHADOW_H 1
| #define HAVE_STDINT_H 1
| #define HAVE_UTMP_H 1
| /* end confdefs.h.  */
| #include <utmpx.h>
configure:5622: result: no
configure:5622: checking for utmpx.h
configure:5622: result: no
configure:5634: checking wchar.h usability
configure:5634: mips-gcc -c -g -O2  conftest.c >&5
configure:5634: $? = 0
configure:5634: result: yes
configure:5634: checking wchar.h presence
configure:5634: mips-gcc -E  conftest.c
configure:5634: $? = 0
configure:5634: result: yes
configure:5634: checking for wchar.h
configure:5634: result: yes
configure:5643: checking size of wchar_t
configure:5648: mips-gcc -c -g -O2  conftest.c >&5
configure:5648: $? = 0
configure:5648: mips-gcc -c -g -O2  conftest.c >&5
conftest.c: In function 'main':
conftest.c:33: error: size of array 'test_array' is negative
configure:5648: $? = 1
configure: failed program was:
| /* confdefs.h */
| #define PACKAGE_NAME "tcsh"
| #define PACKAGE_TARNAME "tcsh"
| #define PACKAGE_VERSION "6.19.00"
| #define PACKAGE_STRING "tcsh 6.19.00"
| #define PACKAGE_BUGREPORT "http://bugs.gw.com/"
| #define PACKAGE_URL ""
| #define STDC_HEADERS 1
| #define HAVE_SYS_TYPES_H 1
| #define HAVE_SYS_STAT_H 1
| #define HAVE_STDLIB_H 1
| #define HAVE_STRING_H 1
| #define HAVE_MEMORY_H 1
| #define HAVE_STRINGS_H 1
| #define HAVE_INTTYPES_H 1
| #define HAVE_STDINT_H 1
| #define HAVE_UNISTD_H 1
| #define HAVE_CRYPT_H 1
| #define HAVE_FEATURES_H 1
| #define HAVE_INTTYPES_H 1
| #define HAVE_PATHS_H 1
| #define HAVE_SHADOW_H 1
| #define HAVE_STDINT_H 1
| #define HAVE_UTMP_H 1
| #define HAVE_WCHAR_H 1
| /* end confdefs.h.  */
| #include <stdio.h>
| #include <wchar.h>
| 
| int
| main ()
| {
| static int test_array [1 - 2 * !(((long int) (sizeof (wchar_t))) <= 0)];
| test_array [0] = 0;
| return test_array [0];
| 
|   ;
|   return 0;
| }
configure:5648: mips-gcc -c -g -O2  conftest.c >&5
conftest.c: In function 'main':
conftest.c:33: error: size of array 'test_array' is negative
configure:5648: $? = 1
configure: failed program was:
| /* confdefs.h */
| #define PACKAGE_NAME "tcsh"
| #define PACKAGE_TARNAME "tcsh"
| #define PACKAGE_VERSION "6.19.00"
| #define PACKAGE_STRING "tcsh 6.19.00"
| #define PACKAGE_BUGREPORT "http://bugs.gw.com/"
| #define PACKAGE_URL ""
| #define STDC_HEADERS 1
| #define HAVE_SYS_TYPES_H 1
| #define HAVE_SYS_STAT_H 1
| #define HAVE_STDLIB_H 1
| #define HAVE_STRING_H 1
| #define HAVE_MEMORY_H 1
| #define HAVE_STRINGS_H 1
| #define HAVE_INTTYPES_H 1
| #define HAVE_STDINT_H 1
| #define HAVE_UNISTD_H 1
| #define HAVE_CRYPT_H 1
| #define HAVE_FEATURES_H 1
| #define HAVE_INTTYPES_H 1
| #define HAVE_PATHS_H 1
| #define HAVE_SHADOW_H 1
| #define HAVE_STDINT_H 1
| #define HAVE_UTMP_H 1
| #define HAVE_WCHAR_H 1
| /* end confdefs.h.  */
| #include <stdio.h>
| #include <wchar.h>
| 
| int
| main ()
| {
| static int test_array [1 - 2 * !(((long int) (sizeof (wchar_t))) <= 1)];
| test_array [0] = 0;
| return test_array [0];
| 
|   ;
|   return 0;
| }
configure:5648: mips-gcc -c -g -O2  conftest.c >&5
conftest.c: In function 'main':
conftest.c:33: error: size of array 'test_array' is negative
configure:5648: $? = 1
configure: failed program was:
| /* confdefs.h */
| #define PACKAGE_NAME "tcsh"
| #define PACKAGE_TARNAME "tcsh"
| #define PACKAGE_VERSION "6.19.00"
| #define PACKAGE_STRING "tcsh 6.19.00"
| #define PACKAGE_BUGREPORT "http://bugs.gw.com/"
| #define PACKAGE_URL ""
| #define STDC_HEADERS 1
| #define HAVE_SYS_TYPES_H 1
| #define HAVE_SYS_STAT_H 1
| #define HAVE_STDLIB_H 1
| #define HAVE_STRING_H 1
| #define HAVE_MEMORY_H 1
| #define HAVE_STRINGS_H 1
| #define HAVE_INTTYPES_H 1
| #define HAVE_STDINT_H 1
| #define HAVE_UNISTD_H 1
| #define HAVE_CRYPT_H 1
| #define HAVE_FEATURES_H 1
| #define HAVE_INTTYPES_H 1
| #define HAVE_PATHS_H 1
| #define HAVE_SHADOW_H 1
| #define HAVE_STDINT_H 1
| #define HAVE_UTMP_H 1
| #define HAVE_WCHAR_H 1
| /* end confdefs.h.  */
| #include <stdio.h>
| #include <wchar.h>
| 
| int
| main ()
| {
| static int test_array [1 - 2 * !(((long int) (sizeof (wchar_t))) <= 3)];
| test_array [0] = 0;
| return test_array [0];
| 
|   ;
|   return 0;
| }
configure:5648: mips-gcc -c -g -O2  conftest.c >&5
configure:5648: $? = 0
configure:5648: mips-gcc -c -g -O2  conftest.c >&5
configure:5648: $? = 0
configure:5648: mips-gcc -c -g -O2  conftest.c >&5
configure:5648: $? = 0
configure:5664: result: 4
configure:5676: checking wctype.h usability
configure:5676: mips-gcc -c -g -O2  conftest.c >&5
configure:5676: $? = 0
configure:5676: result: yes
configure:5676: checking wctype.h presence
configure:5676: mips-gcc -E  conftest.c
configure:5676: $? = 0
configure:5676: result: yes
configure:5676: checking for wctype.h
configure:5676: result: yes
configure:5693: checking for dirent.h that defines DIR
configure:5712: mips-gcc -c -g -O2  conftest.c >&5
configure:5712: $? = 0
configure:5720: result: yes
configure:5733: checking for library containing opendir
configure:5764: mips-gcc -o conftest -g -O2   conftest.c -lncurses -lcrypt  >&5
configure:5764: $? = 0
configure:5781: result: none required
configure:5848: checking whether stat file-mode macros are broken
configure:5875: mips-gcc -c -g -O2  conftest.c >&5
configure:5875: $? = 0
configure:5882: result: no
configure:5890: checking for ANSI C header files
configure:5994: result: yes
configure:6003: checking for long long
configure:6003: mips-gcc -c -g -O2  conftest.c >&5
configure:6003: $? = 0
configure:6003: mips-gcc -c -g -O2  conftest.c >&5
conftest.c: In function 'main':
conftest.c:67: error: expected expression before ')' token
configure:6003: $? = 1
configure: failed program was:
| /* confdefs.h */
| #define PACKAGE_NAME "tcsh"
| #define PACKAGE_TARNAME "tcsh"
| #define PACKAGE_VERSION "6.19.00"
| #define PACKAGE_STRING "tcsh 6.19.00"
| #define PACKAGE_BUGREPORT "http://bugs.gw.com/"
| #define PACKAGE_URL ""
| #define STDC_HEADERS 1
| #define HAVE_SYS_TYPES_H 1
| #define HAVE_SYS_STAT_H 1
| #define HAVE_STDLIB_H 1
| #define HAVE_STRING_H 1
| #define HAVE_MEMORY_H 1
| #define HAVE_STRINGS_H 1
| #define HAVE_INTTYPES_H 1
| #define HAVE_STDINT_H 1
| #define HAVE_UNISTD_H 1
| #define HAVE_CRYPT_H 1
| #define HAVE_FEATURES_H 1
| #define HAVE_INTTYPES_H 1
| #define HAVE_PATHS_H 1
| #define HAVE_SHADOW_H 1
| #define HAVE_STDINT_H 1
| #define HAVE_UTMP_H 1
| #define HAVE_WCHAR_H 1
| #define SIZEOF_WCHAR_T 4
| #define HAVE_WCTYPE_H 1
| #define HAVE_DIRENT_H 1
| #define STDC_HEADERS 1
| /* end confdefs.h.  */
| #include <stdio.h>
| #ifdef HAVE_SYS_TYPES_H
| # include <sys/types.h>
| #endif
| #ifdef HAVE_SYS_STAT_H
| # include <sys/stat.h>
| #endif
| #ifdef STDC_HEADERS
| # include <stdlib.h>
| # include <stddef.h>
| #else
| # ifdef HAVE_STDLIB_H
| #  include <stdlib.h>
| # endif
| #endif
| #ifdef HAVE_STRING_H
| # if !defined STDC_HEADERS && defined HAVE_MEMORY_H
| #  include <memory.h>
| # endif
| # include <string.h>
| #endif
| #ifdef HAVE_STRINGS_H
| # include <strings.h>
| #endif
| #ifdef HAVE_INTTYPES_H
| # include <inttypes.h>
| #endif
| #ifdef HAVE_STDINT_H
| # include <stdint.h>
| #endif
| #ifdef HAVE_UNISTD_H
| # include <unistd.h>
| #endif
| int
| main ()
| {
| if (sizeof ((long long)))
| 	    return 0;
|   ;
|   return 0;
| }
configure:6003: result: yes
configure:6013: checking for uid_t in sys/types.h
configure:6032: result: yes
configure:6043: checking type of array argument to getgroups
configure:6102: result: gid_t
configure:6110: checking for mode_t
configure:6110: mips-gcc -c -g -O2  conftest.c >&5
configure:6110: $? = 0
configure:6110: mips-gcc -c -g -O2  conftest.c >&5
conftest.c: In function 'main':
conftest.c:69: error: expected expression before ')' token
configure:6110: $? = 1
configure: failed program was:
| /* confdefs.h */
| #define PACKAGE_NAME "tcsh"
| #define PACKAGE_TARNAME "tcsh"
| #define PACKAGE_VERSION "6.19.00"
| #define PACKAGE_STRING "tcsh 6.19.00"
| #define PACKAGE_BUGREPORT "http://bugs.gw.com/"
| #define PACKAGE_URL ""
| #define STDC_HEADERS 1
| #define HAVE_SYS_TYPES_H 1
| #define HAVE_SYS_STAT_H 1
| #define HAVE_STDLIB_H 1
| #define HAVE_STRING_H 1
| #define HAVE_MEMORY_H 1
| #define HAVE_STRINGS_H 1
| #define HAVE_INTTYPES_H 1
| #define HAVE_STDINT_H 1
| #define HAVE_UNISTD_H 1
| #define HAVE_CRYPT_H 1
| #define HAVE_FEATURES_H 1
| #define HAVE_INTTYPES_H 1
| #define HAVE_PATHS_H 1
| #define HAVE_SHADOW_H 1
| #define HAVE_STDINT_H 1
| #define HAVE_UTMP_H 1
| #define HAVE_WCHAR_H 1
| #define SIZEOF_WCHAR_T 4
| #define HAVE_WCTYPE_H 1
| #define HAVE_DIRENT_H 1
| #define STDC_HEADERS 1
| #define HAVE_LONG_LONG 1
| #define GETGROUPS_T gid_t
| /* end confdefs.h.  */
| #include <stdio.h>
| #ifdef HAVE_SYS_TYPES_H
| # include <sys/types.h>
| #endif
| #ifdef HAVE_SYS_STAT_H
| # include <sys/stat.h>
| #endif
| #ifdef STDC_HEADERS
| # include <stdlib.h>
| # include <stddef.h>
| #else
| # ifdef HAVE_STDLIB_H
| #  include <stdlib.h>
| # endif
| #endif
| #ifdef HAVE_STRING_H
| # if !defined STDC_HEADERS && defined HAVE_MEMORY_H
| #  include <memory.h>
| # endif
| # include <string.h>
| #endif
| #ifdef HAVE_STRINGS_H
| # include <strings.h>
| #endif
| #ifdef HAVE_INTTYPES_H
| # include <inttypes.h>
| #endif
| #ifdef HAVE_STDINT_H
| # include <stdint.h>
| #endif
| #ifdef HAVE_UNISTD_H
| # include <unistd.h>
| #endif
| int
| main ()
| {
| if (sizeof ((mode_t)))
| 	    return 0;
|   ;
|   return 0;
| }
configure:6110: result: yes
configure:6121: checking for size_t
configure:6121: mips-gcc -c -g -O2  conftest.c >&5
configure:6121: $? = 0
configure:6121: mips-gcc -c -g -O2  conftest.c >&5
conftest.c: In function 'main':
conftest.c:69: error: expected expression before ')' token
configure:6121: $? = 1
configure: failed program was:
| /* confdefs.h */
| #define PACKAGE_NAME "tcsh"
| #define PACKAGE_TARNAME "tcsh"
| #define PACKAGE_VERSION "6.19.00"
| #define PACKAGE_STRING "tcsh 6.19.00"
| #define PACKAGE_BUGREPORT "http://bugs.gw.com/"
| #define PACKAGE_URL ""
| #define STDC_HEADERS 1
| #define HAVE_SYS_TYPES_H 1
| #define HAVE_SYS_STAT_H 1
| #define HAVE_STDLIB_H 1
| #define HAVE_STRING_H 1
| #define HAVE_MEMORY_H 1
| #define HAVE_STRINGS_H 1
| #define HAVE_INTTYPES_H 1
| #define HAVE_STDINT_H 1
| #define HAVE_UNISTD_H 1
| #define HAVE_CRYPT_H 1
| #define HAVE_FEATURES_H 1
| #define HAVE_INTTYPES_H 1
| #define HAVE_PATHS_H 1
| #define HAVE_SHADOW_H 1
| #define HAVE_STDINT_H 1
| #define HAVE_UTMP_H 1
| #define HAVE_WCHAR_H 1
| #define SIZEOF_WCHAR_T 4
| #define HAVE_WCTYPE_H 1
| #define HAVE_DIRENT_H 1
| #define STDC_HEADERS 1
| #define HAVE_LONG_LONG 1
| #define GETGROUPS_T gid_t
| /* end confdefs.h.  */
| #include <stdio.h>
| #ifdef HAVE_SYS_TYPES_H
| # include <sys/types.h>
| #endif
| #ifdef HAVE_SYS_STAT_H
| # include <sys/stat.h>
| #endif
| #ifdef STDC_HEADERS
| # include <stdlib.h>
| # include <stddef.h>
| #else
| # ifdef HAVE_STDLIB_H
| #  include <stdlib.h>
| # endif
| #endif
| #ifdef HAVE_STRING_H
| # if !defined STDC_HEADERS && defined HAVE_MEMORY_H
| #  include <memory.h>
| # endif
| # include <string.h>
| #endif
| #ifdef HAVE_STRINGS_H
| # include <strings.h>
| #endif
| #ifdef HAVE_INTTYPES_H
| # include <inttypes.h>
| #endif
| #ifdef HAVE_STDINT_H
| # include <stdint.h>
| #endif
| #ifdef HAVE_UNISTD_H
| # include <unistd.h>
| #endif
| int
| main ()
| {
| if (sizeof ((size_t)))
| 	    return 0;
|   ;
|   return 0;
| }
configure:6121: result: yes
configure:6132: checking for uid_t in sys/types.h
configure:6151: result: yes
configure:6162: checking for uint32_t
configure:6162: mips-gcc -c -g -O2  conftest.c >&5
configure:6162: $? = 0
configure:6162: result: yes
configure:6179: checking for ssize_t
configure:6179: mips-gcc -c -g -O2  conftest.c >&5
configure:6179: $? = 0
configure:6179: mips-gcc -c -g -O2  conftest.c >&5
conftest.c: In function 'main':
conftest.c:40: error: expected expression before ')' token
configure:6179: $? = 1
configure: failed program was:
| /* confdefs.h */
| #define PACKAGE_NAME "tcsh"
| #define PACKAGE_TARNAME "tcsh"
| #define PACKAGE_VERSION "6.19.00"
| #define PACKAGE_STRING "tcsh 6.19.00"
| #define PACKAGE_BUGREPORT "http://bugs.gw.com/"
| #define PACKAGE_URL ""
| #define STDC_HEADERS 1
| #define HAVE_SYS_TYPES_H 1
| #define HAVE_SYS_STAT_H 1
| #define HAVE_STDLIB_H 1
| #define HAVE_STRING_H 1
| #define HAVE_MEMORY_H 1
| #define HAVE_STRINGS_H 1
| #define HAVE_INTTYPES_H 1
| #define HAVE_STDINT_H 1
| #define HAVE_UNISTD_H 1
| #define HAVE_CRYPT_H 1
| #define HAVE_FEATURES_H 1
| #define HAVE_INTTYPES_H 1
| #define HAVE_PATHS_H 1
| #define HAVE_SHADOW_H 1
| #define HAVE_STDINT_H 1
| #define HAVE_UTMP_H 1
| #define HAVE_WCHAR_H 1
| #define SIZEOF_WCHAR_T 4
| #define HAVE_WCTYPE_H 1
| #define HAVE_DIRENT_H 1
| #define STDC_HEADERS 1
| #define HAVE_LONG_LONG 1
| #define GETGROUPS_T gid_t
| /* end confdefs.h.  */
| 
| #include <sys/types.h>
| 
| 
| int
| main ()
| {
| if (sizeof ((ssize_t)))
| 	    return 0;
|   ;
|   return 0;
| }
configure:6179: result: yes
configure:6195: checking for socklen_t
configure:6195: mips-gcc -c -g -O2  conftest.c >&5
configure:6195: $? = 0
configure:6195: mips-gcc -c -g -O2  conftest.c >&5
conftest.c: In function 'main':
conftest.c:41: error: expected expression before ')' token
configure:6195: $? = 1
configure: failed program was:
| /* confdefs.h */
| #define PACKAGE_NAME "tcsh"
| #define PACKAGE_TARNAME "tcsh"
| #define PACKAGE_VERSION "6.19.00"
| #define PACKAGE_STRING "tcsh 6.19.00"
| #define PACKAGE_BUGREPORT "http://bugs.gw.com/"
| #define PACKAGE_URL ""
| #define STDC_HEADERS 1
| #define HAVE_SYS_TYPES_H 1
| #define HAVE_SYS_STAT_H 1
| #define HAVE_STDLIB_H 1
| #define HAVE_STRING_H 1
| #define HAVE_MEMORY_H 1
| #define HAVE_STRINGS_H 1
| #define HAVE_INTTYPES_H 1
| #define HAVE_STDINT_H 1
| #define HAVE_UNISTD_H 1
| #define HAVE_CRYPT_H 1
| #define HAVE_FEATURES_H 1
| #define HAVE_INTTYPES_H 1
| #define HAVE_PATHS_H 1
| #define HAVE_SHADOW_H 1
| #define HAVE_STDINT_H 1
| #define HAVE_UTMP_H 1
| #define HAVE_WCHAR_H 1
| #define SIZEOF_WCHAR_T 4
| #define HAVE_WCTYPE_H 1
| #define HAVE_DIRENT_H 1
| #define STDC_HEADERS 1
| #define HAVE_LONG_LONG 1
| #define GETGROUPS_T gid_t
| /* end confdefs.h.  */
| 
| #include <sys/types.h>
| #include <sys/socket.h>
| 
| 
| int
| main ()
| {
| if (sizeof ((socklen_t)))
| 	    return 0;
|   ;
|   return 0;
| }
configure:6195: result: yes
configure:6211: checking for struct dirent.d_ino
configure:6211: mips-gcc -c -g -O2  conftest.c >&5
configure:6211: $? = 0
configure:6211: result: yes
configure:6231: checking for struct utmp.ut_host
configure:6231: mips-gcc -c -g -O2  conftest.c >&5
configure:6231: $? = 0
configure:6231: result: yes
configure:6247: checking for struct utmp.ut_user
configure:6247: mips-gcc -c -g -O2  conftest.c >&5
configure:6247: $? = 0
configure:6247: result: yes
configure:6263: checking for struct utmp.ut_tv
configure:6263: mips-gcc -c -g -O2  conftest.c >&5
conftest.c: In function 'main':
conftest.c:48: error: used struct type value where scalar is required
configure:6263: $? = 1
configure: failed program was:
| /* confdefs.h */
| #define PACKAGE_NAME "tcsh"
| #define PACKAGE_TARNAME "tcsh"
| #define PACKAGE_VERSION "6.19.00"
| #define PACKAGE_STRING "tcsh 6.19.00"
| #define PACKAGE_BUGREPORT "http://bugs.gw.com/"
| #define PACKAGE_URL ""
| #define STDC_HEADERS 1
| #define HAVE_SYS_TYPES_H 1
| #define HAVE_SYS_STAT_H 1
| #define HAVE_STDLIB_H 1
| #define HAVE_STRING_H 1
| #define HAVE_MEMORY_H 1
| #define HAVE_STRINGS_H 1
| #define HAVE_INTTYPES_H 1
| #define HAVE_STDINT_H 1
| #define HAVE_UNISTD_H 1
| #define HAVE_CRYPT_H 1
| #define HAVE_FEATURES_H 1
| #define HAVE_INTTYPES_H 1
| #define HAVE_PATHS_H 1
| #define HAVE_SHADOW_H 1
| #define HAVE_STDINT_H 1
| #define HAVE_UTMP_H 1
| #define HAVE_WCHAR_H 1
| #define SIZEOF_WCHAR_T 4
| #define HAVE_WCTYPE_H 1
| #define HAVE_DIRENT_H 1
| #define STDC_HEADERS 1
| #define HAVE_LONG_LONG 1
| #define GETGROUPS_T gid_t
| #define HAVE_STRUCT_DIRENT_D_INO 1
| #define HAVE_STRUCT_UTMP_UT_HOST 1
| #define HAVE_STRUCT_UTMP_UT_USER 1
| /* end confdefs.h.  */
| #include <sys/types.h>
| #ifdef HAVE_UTMPX_H
| #include <utmpx.h>
| #define utmp utmpx
| #elif defined HAVE_UTMP_H
| #include <utmp.h>
| #endif
| 
| int
| main ()
| {
| static struct utmp ac_aggr;
| if (ac_aggr.ut_tv)
| return 0;
|   ;
|   return 0;
| }
configure:6263: mips-gcc -c -g -O2  conftest.c >&5
configure:6263: $? = 0
configure:6263: result: yes
configure:6279: checking for struct utmp.ut_xtime
configure:6279: mips-gcc -c -g -O2  conftest.c >&5
configure:6279: $? = 0
configure:6279: result: yes
configure:6295: checking for struct utmpx.ut_host
configure:6295: mips-gcc -c -g -O2  conftest.c >&5
conftest.c: In function 'main':
conftest.c:49: error: storage size of 'ac_aggr' isn't known
configure:6295: $? = 1
configure: failed program was:
| /* confdefs.h */
| #define PACKAGE_NAME "tcsh"
| #define PACKAGE_TARNAME "tcsh"
| #define PACKAGE_VERSION "6.19.00"
| #define PACKAGE_STRING "tcsh 6.19.00"
| #define PACKAGE_BUGREPORT "http://bugs.gw.com/"
| #define PACKAGE_URL ""
| #define STDC_HEADERS 1
| #define HAVE_SYS_TYPES_H 1
| #define HAVE_SYS_STAT_H 1
| #define HAVE_STDLIB_H 1
| #define HAVE_STRING_H 1
| #define HAVE_MEMORY_H 1
| #define HAVE_STRINGS_H 1
| #define HAVE_INTTYPES_H 1
| #define HAVE_STDINT_H 1
| #define HAVE_UNISTD_H 1
| #define HAVE_CRYPT_H 1
| #define HAVE_FEATURES_H 1
| #define HAVE_INTTYPES_H 1
| #define HAVE_PATHS_H 1
| #define HAVE_SHADOW_H 1
| #define HAVE_STDINT_H 1
| #define HAVE_UTMP_H 1
| #define HAVE_WCHAR_H 1
| #define SIZEOF_WCHAR_T 4
| #define HAVE_WCTYPE_H 1
| #define HAVE_DIRENT_H 1
| #define STDC_HEADERS 1
| #define HAVE_LONG_LONG 1
| #define GETGROUPS_T gid_t
| #define HAVE_STRUCT_DIRENT_D_INO 1
| #define HAVE_STRUCT_UTMP_UT_HOST 1
| #define HAVE_STRUCT_UTMP_UT_USER 1
| #define HAVE_STRUCT_UTMP_UT_TV 1
| #define HAVE_STRUCT_UTMP_UT_XTIME 1
| /* end confdefs.h.  */
| #include <sys/types.h>
| #ifdef HAVE_UTMPX_H
| #include <utmpx.h>
| #define utmp utmpx
| #elif defined HAVE_UTMP_H
| #include <utmp.h>
| #endif
| 
| int
| main ()
| {
| static struct utmpx ac_aggr;
| if (ac_aggr.ut_host)
| return 0;
|   ;
|   return 0;
| }
configure:6295: mips-gcc -c -g -O2  conftest.c >&5
conftest.c: In function 'main':
conftest.c:49: error: storage size of 'ac_aggr' isn't known
configure:6295: $? = 1
configure: failed program was:
| /* confdefs.h */
| #define PACKAGE_NAME "tcsh"
| #define PACKAGE_TARNAME "tcsh"
| #define PACKAGE_VERSION "6.19.00"
| #define PACKAGE_STRING "tcsh 6.19.00"
| #define PACKAGE_BUGREPORT "http://bugs.gw.com/"
| #define PACKAGE_URL ""
| #define STDC_HEADERS 1
| #define HAVE_SYS_TYPES_H 1
| #define HAVE_SYS_STAT_H 1
| #define HAVE_STDLIB_H 1
| #define HAVE_STRING_H 1
| #define HAVE_MEMORY_H 1
| #define HAVE_STRINGS_H 1
| #define HAVE_INTTYPES_H 1
| #define HAVE_STDINT_H 1
| #define HAVE_UNISTD_H 1
| #define HAVE_CRYPT_H 1
| #define HAVE_FEATURES_H 1
| #define HAVE_INTTYPES_H 1
| #define HAVE_PATHS_H 1
| #define HAVE_SHADOW_H 1
| #define HAVE_STDINT_H 1
| #define HAVE_UTMP_H 1
| #define HAVE_WCHAR_H 1
| #define SIZEOF_WCHAR_T 4
| #define HAVE_WCTYPE_H 1
| #define HAVE_DIRENT_H 1
| #define STDC_HEADERS 1
| #define HAVE_LONG_LONG 1
| #define GETGROUPS_T gid_t
| #define HAVE_STRUCT_DIRENT_D_INO 1
| #define HAVE_STRUCT_UTMP_UT_HOST 1
| #define HAVE_STRUCT_UTMP_UT_USER 1
| #define HAVE_STRUCT_UTMP_UT_TV 1
| #define HAVE_STRUCT_UTMP_UT_XTIME 1
| /* end confdefs.h.  */
| #include <sys/types.h>
| #ifdef HAVE_UTMPX_H
| #include <utmpx.h>
| #define utmp utmpx
| #elif defined HAVE_UTMP_H
| #include <utmp.h>
| #endif
| 
| int
| main ()
| {
| static struct utmpx ac_aggr;
| if (sizeof ac_aggr.ut_host)
| return 0;
|   ;
|   return 0;
| }
configure:6295: result: no
configure:6311: checking for struct utmpx.ut_user
configure:6311: mips-gcc -c -g -O2  conftest.c >&5
conftest.c: In function 'main':
conftest.c:49: error: storage size of 'ac_aggr' isn't known
configure:6311: $? = 1
configure: failed program was:
| /* confdefs.h */
| #define PACKAGE_NAME "tcsh"
| #define PACKAGE_TARNAME "tcsh"
| #define PACKAGE_VERSION "6.19.00"
| #define PACKAGE_STRING "tcsh 6.19.00"
| #define PACKAGE_BUGREPORT "http://bugs.gw.com/"
| #define PACKAGE_URL ""
| #define STDC_HEADERS 1
| #define HAVE_SYS_TYPES_H 1
| #define HAVE_SYS_STAT_H 1
| #define HAVE_STDLIB_H 1
| #define HAVE_STRING_H 1
| #define HAVE_MEMORY_H 1
| #define HAVE_STRINGS_H 1
| #define HAVE_INTTYPES_H 1
| #define HAVE_STDINT_H 1
| #define HAVE_UNISTD_H 1
| #define HAVE_CRYPT_H 1
| #define HAVE_FEATURES_H 1
| #define HAVE_INTTYPES_H 1
| #define HAVE_PATHS_H 1
| #define HAVE_SHADOW_H 1
| #define HAVE_STDINT_H 1
| #define HAVE_UTMP_H 1
| #define HAVE_WCHAR_H 1
| #define SIZEOF_WCHAR_T 4
| #define HAVE_WCTYPE_H 1
| #define HAVE_DIRENT_H 1
| #define STDC_HEADERS 1
| #define HAVE_LONG_LONG 1
| #define GETGROUPS_T gid_t
| #define HAVE_STRUCT_DIRENT_D_INO 1
| #define HAVE_STRUCT_UTMP_UT_HOST 1
| #define HAVE_STRUCT_UTMP_UT_USER 1
| #define HAVE_STRUCT_UTMP_UT_TV 1
| #define HAVE_STRUCT_UTMP_UT_XTIME 1
| /* end confdefs.h.  */
| #include <sys/types.h>
| #ifdef HAVE_UTMPX_H
| #include <utmpx.h>
| #define utmp utmpx
| #elif defined HAVE_UTMP_H
| #include <utmp.h>
| #endif
| 
| int
| main ()
| {
| static struct utmpx ac_aggr;
| if (ac_aggr.ut_user)
| return 0;
|   ;
|   return 0;
| }
configure:6311: mips-gcc -c -g -O2  conftest.c >&5
conftest.c: In function 'main':
conftest.c:49: error: storage size of 'ac_aggr' isn't known
configure:6311: $? = 1
configure: failed program was:
| /* confdefs.h */
| #define PACKAGE_NAME "tcsh"
| #define PACKAGE_TARNAME "tcsh"
| #define PACKAGE_VERSION "6.19.00"
| #define PACKAGE_STRING "tcsh 6.19.00"
| #define PACKAGE_BUGREPORT "http://bugs.gw.com/"
| #define PACKAGE_URL ""
| #define STDC_HEADERS 1
| #define HAVE_SYS_TYPES_H 1
| #define HAVE_SYS_STAT_H 1
| #define HAVE_STDLIB_H 1
| #define HAVE_STRING_H 1
| #define HAVE_MEMORY_H 1
| #define HAVE_STRINGS_H 1
| #define HAVE_INTTYPES_H 1
| #define HAVE_STDINT_H 1
| #define HAVE_UNISTD_H 1
| #define HAVE_CRYPT_H 1
| #define HAVE_FEATURES_H 1
| #define HAVE_INTTYPES_H 1
| #define HAVE_PATHS_H 1
| #define HAVE_SHADOW_H 1
| #define HAVE_STDINT_H 1
| #define HAVE_UTMP_H 1
| #define HAVE_WCHAR_H 1
| #define SIZEOF_WCHAR_T 4
| #define HAVE_WCTYPE_H 1
| #define HAVE_DIRENT_H 1
| #define STDC_HEADERS 1
| #define HAVE_LONG_LONG 1
| #define GETGROUPS_T gid_t
| #define HAVE_STRUCT_DIRENT_D_INO 1
| #define HAVE_STRUCT_UTMP_UT_HOST 1
| #define HAVE_STRUCT_UTMP_UT_USER 1
| #define HAVE_STRUCT_UTMP_UT_TV 1
| #define HAVE_STRUCT_UTMP_UT_XTIME 1
| /* end confdefs.h.  */
| #include <sys/types.h>
| #ifdef HAVE_UTMPX_H
| #include <utmpx.h>
| #define utmp utmpx
| #elif defined HAVE_UTMP_H
| #include <utmp.h>
| #endif
| 
| int
| main ()
| {
| static struct utmpx ac_aggr;
| if (sizeof ac_aggr.ut_user)
| return 0;
|   ;
|   return 0;
| }
configure:6311: result: no
configure:6327: checking for struct utmpx.ut_tv
configure:6327: mips-gcc -c -g -O2  conftest.c >&5
conftest.c: In function 'main':
conftest.c:49: error: storage size of 'ac_aggr' isn't known
configure:6327: $? = 1
configure: failed program was:
| /* confdefs.h */
| #define PACKAGE_NAME "tcsh"
| #define PACKAGE_TARNAME "tcsh"
| #define PACKAGE_VERSION "6.19.00"
| #define PACKAGE_STRING "tcsh 6.19.00"
| #define PACKAGE_BUGREPORT "http://bugs.gw.com/"
| #define PACKAGE_URL ""
| #define STDC_HEADERS 1
| #define HAVE_SYS_TYPES_H 1
| #define HAVE_SYS_STAT_H 1
| #define HAVE_STDLIB_H 1
| #define HAVE_STRING_H 1
| #define HAVE_MEMORY_H 1
| #define HAVE_STRINGS_H 1
| #define HAVE_INTTYPES_H 1
| #define HAVE_STDINT_H 1
| #define HAVE_UNISTD_H 1
| #define HAVE_CRYPT_H 1
| #define HAVE_FEATURES_H 1
| #define HAVE_INTTYPES_H 1
| #define HAVE_PATHS_H 1
| #define HAVE_SHADOW_H 1
| #define HAVE_STDINT_H 1
| #define HAVE_UTMP_H 1
| #define HAVE_WCHAR_H 1
| #define SIZEOF_WCHAR_T 4
| #define HAVE_WCTYPE_H 1
| #define HAVE_DIRENT_H 1
| #define STDC_HEADERS 1
| #define HAVE_LONG_LONG 1
| #define GETGROUPS_T gid_t
| #define HAVE_STRUCT_DIRENT_D_INO 1
| #define HAVE_STRUCT_UTMP_UT_HOST 1
| #define HAVE_STRUCT_UTMP_UT_USER 1
| #define HAVE_STRUCT_UTMP_UT_TV 1
| #define HAVE_STRUCT_UTMP_UT_XTIME 1
| /* end confdefs.h.  */
| #include <sys/types.h>
| #ifdef HAVE_UTMPX_H
| #include <utmpx.h>
| #define utmp utmpx
| #elif defined HAVE_UTMP_H
| #include <utmp.h>
| #endif
| 
| int
| main ()
| {
| static struct utmpx ac_aggr;
| if (ac_aggr.ut_tv)
| return 0;
|   ;
|   return 0;
| }
configure:6327: mips-gcc -c -g -O2  conftest.c >&5
conftest.c: In function 'main':
conftest.c:49: error: storage size of 'ac_aggr' isn't known
configure:6327: $? = 1
configure: failed program was:
| /* confdefs.h */
| #define PACKAGE_NAME "tcsh"
| #define PACKAGE_TARNAME "tcsh"
| #define PACKAGE_VERSION "6.19.00"
| #define PACKAGE_STRING "tcsh 6.19.00"
| #define PACKAGE_BUGREPORT "http://bugs.gw.com/"
| #define PACKAGE_URL ""
| #define STDC_HEADERS 1
| #define HAVE_SYS_TYPES_H 1
| #define HAVE_SYS_STAT_H 1
| #define HAVE_STDLIB_H 1
| #define HAVE_STRING_H 1
| #define HAVE_MEMORY_H 1
| #define HAVE_STRINGS_H 1
| #define HAVE_INTTYPES_H 1
| #define HAVE_STDINT_H 1
| #define HAVE_UNISTD_H 1
| #define HAVE_CRYPT_H 1
| #define HAVE_FEATURES_H 1
| #define HAVE_INTTYPES_H 1
| #define HAVE_PATHS_H 1
| #define HAVE_SHADOW_H 1
| #define HAVE_STDINT_H 1
| #define HAVE_UTMP_H 1
| #define HAVE_WCHAR_H 1
| #define SIZEOF_WCHAR_T 4
| #define HAVE_WCTYPE_H 1
| #define HAVE_DIRENT_H 1
| #define STDC_HEADERS 1
| #define HAVE_LONG_LONG 1
| #define GETGROUPS_T gid_t
| #define HAVE_STRUCT_DIRENT_D_INO 1
| #define HAVE_STRUCT_UTMP_UT_HOST 1
| #define HAVE_STRUCT_UTMP_UT_USER 1
| #define HAVE_STRUCT_UTMP_UT_TV 1
| #define HAVE_STRUCT_UTMP_UT_XTIME 1
| /* end confdefs.h.  */
| #include <sys/types.h>
| #ifdef HAVE_UTMPX_H
| #include <utmpx.h>
| #define utmp utmpx
| #elif defined HAVE_UTMP_H
| #include <utmp.h>
| #endif
| 
| int
| main ()
| {
| static struct utmpx ac_aggr;
| if (sizeof ac_aggr.ut_tv)
| return 0;
|   ;
|   return 0;
| }
configure:6327: result: no
configure:6343: checking for struct utmpx.ut_xtime
configure:6343: mips-gcc -c -g -O2  conftest.c >&5
conftest.c: In function 'main':
conftest.c:49: error: storage size of 'ac_aggr' isn't known
configure:6343: $? = 1
configure: failed program was:
| /* confdefs.h */
| #define PACKAGE_NAME "tcsh"
| #define PACKAGE_TARNAME "tcsh"
| #define PACKAGE_VERSION "6.19.00"
| #define PACKAGE_STRING "tcsh 6.19.00"
| #define PACKAGE_BUGREPORT "http://bugs.gw.com/"
| #define PACKAGE_URL ""
| #define STDC_HEADERS 1
| #define HAVE_SYS_TYPES_H 1
| #define HAVE_SYS_STAT_H 1
| #define HAVE_STDLIB_H 1
| #define HAVE_STRING_H 1
| #define HAVE_MEMORY_H 1
| #define HAVE_STRINGS_H 1
| #define HAVE_INTTYPES_H 1
| #define HAVE_STDINT_H 1
| #define HAVE_UNISTD_H 1
| #define HAVE_CRYPT_H 1
| #define HAVE_FEATURES_H 1
| #define HAVE_INTTYPES_H 1
| #define HAVE_PATHS_H 1
| #define HAVE_SHADOW_H 1
| #define HAVE_STDINT_H 1
| #define HAVE_UTMP_H 1
| #define HAVE_WCHAR_H 1
| #define SIZEOF_WCHAR_T 4
| #define HAVE_WCTYPE_H 1
| #define HAVE_DIRENT_H 1
| #define STDC_HEADERS 1
| #define HAVE_LONG_LONG 1
| #define GETGROUPS_T gid_t
| #define HAVE_STRUCT_DIRENT_D_INO 1
| #define HAVE_STRUCT_UTMP_UT_HOST 1
| #define HAVE_STRUCT_UTMP_UT_USER 1
| #define HAVE_STRUCT_UTMP_UT_TV 1
| #define HAVE_STRUCT_UTMP_UT_XTIME 1
| /* end confdefs.h.  */
| #include <sys/types.h>
| #ifdef HAVE_UTMPX_H
| #include <utmpx.h>
| #define utmp utmpx
| #elif defined HAVE_UTMP_H
| #include <utmp.h>
| #endif
| 
| int
| main ()
| {
| static struct utmpx ac_aggr;
| if (ac_aggr.ut_xtime)
| return 0;
|   ;
|   return 0;
| }
configure:6343: mips-gcc -c -g -O2  conftest.c >&5
conftest.c: In function 'main':
conftest.c:49: error: storage size of 'ac_aggr' isn't known
configure:6343: $? = 1
configure: failed program was:
| /* confdefs.h */
| #define PACKAGE_NAME "tcsh"
| #define PACKAGE_TARNAME "tcsh"
| #define PACKAGE_VERSION "6.19.00"
| #define PACKAGE_STRING "tcsh 6.19.00"
| #define PACKAGE_BUGREPORT "http://bugs.gw.com/"
| #define PACKAGE_URL ""
| #define STDC_HEADERS 1
| #define HAVE_SYS_TYPES_H 1
| #define HAVE_SYS_STAT_H 1
| #define HAVE_STDLIB_H 1
| #define HAVE_STRING_H 1
| #define HAVE_MEMORY_H 1
| #define HAVE_STRINGS_H 1
| #define HAVE_INTTYPES_H 1
| #define HAVE_STDINT_H 1
| #define HAVE_UNISTD_H 1
| #define HAVE_CRYPT_H 1
| #define HAVE_FEATURES_H 1
| #define HAVE_INTTYPES_H 1
| #define HAVE_PATHS_H 1
| #define HAVE_SHADOW_H 1
| #define HAVE_STDINT_H 1
| #define HAVE_UTMP_H 1
| #define HAVE_WCHAR_H 1
| #define SIZEOF_WCHAR_T 4
| #define HAVE_WCTYPE_H 1
| #define HAVE_DIRENT_H 1
| #define STDC_HEADERS 1
| #define HAVE_LONG_LONG 1
| #define GETGROUPS_T gid_t
| #define HAVE_STRUCT_DIRENT_D_INO 1
| #define HAVE_STRUCT_UTMP_UT_HOST 1
| #define HAVE_STRUCT_UTMP_UT_USER 1
| #define HAVE_STRUCT_UTMP_UT_TV 1
| #define HAVE_STRUCT_UTMP_UT_XTIME 1
| /* end confdefs.h.  */
| #include <sys/types.h>
| #ifdef HAVE_UTMPX_H
| #include <utmpx.h>
| #define utmp utmpx
| #elif defined HAVE_UTMP_H
| #include <utmp.h>
| #endif
| 
| int
| main ()
| {
| static struct utmpx ac_aggr;
| if (sizeof ac_aggr.ut_xtime)
| return 0;
|   ;
|   return 0;
| }
configure:6343: result: no
configure:6360: checking for struct sockaddr_storage.ss_family
configure:6360: mips-gcc -c -g -O2  conftest.c >&5
configure:6360: $? = 0
configure:6360: result: yes
configure:6373: checking for an ANSI C-conforming const
configure:6439: mips-gcc -c -g -O2  conftest.c >&5
configure:6439: $? = 0
configure:6446: result: yes
configure:6454: checking for working volatile
configure:6473: mips-gcc -c -g -O2  conftest.c >&5
configure:6473: $? = 0
configure:6480: result: yes
configure:6489: checking whether crypt is declared
configure:6489: mips-gcc -c -g -O2  conftest.c >&5
configure:6489: $? = 0
configure:6489: result: yes
configure:6505: checking whether environ is declared
configure:6505: mips-gcc -c -g -O2  conftest.c >&5
configure:6505: $? = 0
configure:6505: result: yes
configure:6521: checking whether gethostname is declared
configure:6521: mips-gcc -c -g -O2  conftest.c >&5
configure:6521: $? = 0
configure:6521: result: yes
configure:6537: checking whether getpgrp is declared
configure:6537: mips-gcc -c -g -O2  conftest.c >&5
configure:6537: $? = 0
configure:6537: result: yes
configure:6554: checking for setlocale
configure:6554: mips-gcc -o conftest -g -O2   conftest.c -lncurses -lcrypt  >&5
configure:6554: $? = 0
configure:6554: result: yes
configure:6561: checking for catgets
configure:6561: mips-gcc -o conftest -g -O2   conftest.c -lncurses -lcrypt  >&5
/tmp/ccurStmB.o: In function `main':
/home/hzy19930315/tcsh-6.19.00/conftest.c:77: undefined reference to `catgets'
configure:6561: $? = 1
configure: failed program was:
| /* confdefs.h */
| #define PACKAGE_NAME "tcsh"
| #define PACKAGE_TARNAME "tcsh"
| #define PACKAGE_VERSION "6.19.00"
| #define PACKAGE_STRING "tcsh 6.19.00"
| #define PACKAGE_BUGREPORT "http://bugs.gw.com/"
| #define PACKAGE_URL ""
| #define STDC_HEADERS 1
| #define HAVE_SYS_TYPES_H 1
| #define HAVE_SYS_STAT_H 1
| #define HAVE_STDLIB_H 1
| #define HAVE_STRING_H 1
| #define HAVE_MEMORY_H 1
| #define HAVE_STRINGS_H 1
| #define HAVE_INTTYPES_H 1
| #define HAVE_STDINT_H 1
| #define HAVE_UNISTD_H 1
| #define HAVE_CRYPT_H 1
| #define HAVE_FEATURES_H 1
| #define HAVE_INTTYPES_H 1
| #define HAVE_PATHS_H 1
| #define HAVE_SHADOW_H 1
| #define HAVE_STDINT_H 1
| #define HAVE_UTMP_H 1
| #define HAVE_WCHAR_H 1
| #define SIZEOF_WCHAR_T 4
| #define HAVE_WCTYPE_H 1
| #define HAVE_DIRENT_H 1
| #define STDC_HEADERS 1
| #define HAVE_LONG_LONG 1
| #define GETGROUPS_T gid_t
| #define HAVE_STRUCT_DIRENT_D_INO 1
| #define HAVE_STRUCT_UTMP_UT_HOST 1
| #define HAVE_STRUCT_UTMP_UT_USER 1
| #define HAVE_STRUCT_UTMP_UT_TV 1
| #define HAVE_STRUCT_UTMP_UT_XTIME 1
| #define HAVE_STRUCT_SOCKADDR_STORAGE_SS_FAMILY 1
| #define HAVE_DECL_CRYPT 1
| #define HAVE_DECL_ENVIRON 1
| #define HAVE_DECL_GETHOSTNAME 1
| #define HAVE_DECL_GETPGRP 1
| /* end confdefs.h.  */
| /* Define catgets to an innocuous variant, in case <limits.h> declares catgets.
|    For example, HP-UX 11i <limits.h> declares gettimeofday.  */
| #define catgets innocuous_catgets
| 
| /* System header to define __stub macros and hopefully few prototypes,
|     which can conflict with char catgets (); below.
|     Prefer <limits.h> to <assert.h> if __STDC__ is defined, since
|     <limits.h> exists even on freestanding compilers.  */
| 
| #ifdef __STDC__
| # include <limits.h>
| #else
| # include <assert.h>
| #endif
| 
| #undef catgets
| 
| /* Override any GCC internal prototype to avoid an error.
|    Use char because int might match the return type of a GCC
|    builtin and then its argument prototype would still apply.  */
| #ifdef __cplusplus
| extern "C"
| #endif
| char catgets ();
| /* The GNU C library defines this for functions which it implements
|     to always fail with ENOSYS.  Some functions are actually named
|     something starting with __ and the normal name is an alias.  */
| #if defined __stub_catgets || defined __stub___catgets
| choke me
| #endif
| 
| int
| main ()
| {
| return catgets ();
|   ;
|   return 0;
| }
configure:6561: result: no
configure:6571: checking for dup2
configure:6571: mips-gcc -o conftest -g -O2   conftest.c -lncurses -lcrypt  >&5
configure:6571: $? = 0
configure:6571: result: yes
configure:6571: checking for getauthid
configure:6571: mips-gcc -o conftest -g -O2   conftest.c -lncurses -lcrypt  >&5
/tmp/cckDT0GI.o: In function `main':
/home/hzy19930315/tcsh-6.19.00/conftest.c:78: undefined reference to `getauthid'
configure:6571: $? = 1
configure: failed program was:
| /* confdefs.h */
| #define PACKAGE_NAME "tcsh"
| #define PACKAGE_TARNAME "tcsh"
| #define PACKAGE_VERSION "6.19.00"
| #define PACKAGE_STRING "tcsh 6.19.00"
| #define PACKAGE_BUGREPORT "http://bugs.gw.com/"
| #define PACKAGE_URL ""
| #define STDC_HEADERS 1
| #define HAVE_SYS_TYPES_H 1
| #define HAVE_SYS_STAT_H 1
| #define HAVE_STDLIB_H 1
| #define HAVE_STRING_H 1
| #define HAVE_MEMORY_H 1
| #define HAVE_STRINGS_H 1
| #define HAVE_INTTYPES_H 1
| #define HAVE_STDINT_H 1
| #define HAVE_UNISTD_H 1
| #define HAVE_CRYPT_H 1
| #define HAVE_FEATURES_H 1
| #define HAVE_INTTYPES_H 1
| #define HAVE_PATHS_H 1
| #define HAVE_SHADOW_H 1
| #define HAVE_STDINT_H 1
| #define HAVE_UTMP_H 1
| #define HAVE_WCHAR_H 1
| #define SIZEOF_WCHAR_T 4
| #define HAVE_WCTYPE_H 1
| #define HAVE_DIRENT_H 1
| #define STDC_HEADERS 1
| #define HAVE_LONG_LONG 1
| #define GETGROUPS_T gid_t
| #define HAVE_STRUCT_DIRENT_D_INO 1
| #define HAVE_STRUCT_UTMP_UT_HOST 1
| #define HAVE_STRUCT_UTMP_UT_USER 1
| #define HAVE_STRUCT_UTMP_UT_TV 1
| #define HAVE_STRUCT_UTMP_UT_XTIME 1
| #define HAVE_STRUCT_SOCKADDR_STORAGE_SS_FAMILY 1
| #define HAVE_DECL_CRYPT 1
| #define HAVE_DECL_ENVIRON 1
| #define HAVE_DECL_GETHOSTNAME 1
| #define HAVE_DECL_GETPGRP 1
| #define HAVE_DUP2 1
| /* end confdefs.h.  */
| /* Define getauthid to an innocuous variant, in case <limits.h> declares getauthid.
|    For example, HP-UX 11i <limits.h> declares gettimeofday.  */
| #define getauthid innocuous_getauthid
| 
| /* System header to define __stub macros and hopefully few prototypes,
|     which can conflict with char getauthid (); below.
|     Prefer <limits.h> to <assert.h> if __STDC__ is defined, since
|     <limits.h> exists even on freestanding compilers.  */
| 
| #ifdef __STDC__
| # include <limits.h>
| #else
| # include <assert.h>
| #endif
| 
| #undef getauthid
| 
| /* Override any GCC internal prototype to avoid an error.
|    Use char because int might match the return type of a GCC
|    builtin and then its argument prototype would still apply.  */
| #ifdef __cplusplus
| extern "C"
| #endif
| char getauthid ();
| /* The GNU C library defines this for functions which it implements
|     to always fail with ENOSYS.  Some functions are actually named
|     something starting with __ and the normal name is an alias.  */
| #if defined __stub_getauthid || defined __stub___getauthid
| choke me
| #endif
| 
| int
| main ()
| {
| return getauthid ();
|   ;
|   return 0;
| }
configure:6571: result: no
configure:6571: checking for getcwd
configure:6571: mips-gcc -o conftest -g -O2   conftest.c -lncurses -lcrypt  >&5
configure:6571: $? = 0
configure:6571: result: yes
configure:6571: checking for gethostname
configure:6571: mips-gcc -o conftest -g -O2   conftest.c -lncurses -lcrypt  >&5
configure:6571: $? = 0
configure:6571: result: yes
configure:6571: checking for getpwent
configure:6571: mips-gcc -o conftest -g -O2   conftest.c -lncurses -lcrypt  >&5
configure:6571: $? = 0
configure:6571: result: yes
configure:6571: checking for getutent
configure:6571: mips-gcc -o conftest -g -O2   conftest.c -lncurses -lcrypt  >&5
configure:6571: $? = 0
configure:6571: result: yes
configure:6571: checking for getutxent
configure:6571: mips-gcc -o conftest -g -O2   conftest.c -lncurses -lcrypt  >&5
/tmp/ccmDOUz0.o: In function `main':
/home/hzy19930315/tcsh-6.19.00/conftest.c:82: undefined reference to `getutxent'
configure:6571: $? = 1
configure: failed program was:
| /* confdefs.h */
| #define PACKAGE_NAME "tcsh"
| #define PACKAGE_TARNAME "tcsh"
| #define PACKAGE_VERSION "6.19.00"
| #define PACKAGE_STRING "tcsh 6.19.00"
| #define PACKAGE_BUGREPORT "http://bugs.gw.com/"
| #define PACKAGE_URL ""
| #define STDC_HEADERS 1
| #define HAVE_SYS_TYPES_H 1
| #define HAVE_SYS_STAT_H 1
| #define HAVE_STDLIB_H 1
| #define HAVE_STRING_H 1
| #define HAVE_MEMORY_H 1
| #define HAVE_STRINGS_H 1
| #define HAVE_INTTYPES_H 1
| #define HAVE_STDINT_H 1
| #define HAVE_UNISTD_H 1
| #define HAVE_CRYPT_H 1
| #define HAVE_FEATURES_H 1
| #define HAVE_INTTYPES_H 1
| #define HAVE_PATHS_H 1
| #define HAVE_SHADOW_H 1
| #define HAVE_STDINT_H 1
| #define HAVE_UTMP_H 1
| #define HAVE_WCHAR_H 1
| #define SIZEOF_WCHAR_T 4
| #define HAVE_WCTYPE_H 1
| #define HAVE_DIRENT_H 1
| #define STDC_HEADERS 1
| #define HAVE_LONG_LONG 1
| #define GETGROUPS_T gid_t
| #define HAVE_STRUCT_DIRENT_D_INO 1
| #define HAVE_STRUCT_UTMP_UT_HOST 1
| #define HAVE_STRUCT_UTMP_UT_USER 1
| #define HAVE_STRUCT_UTMP_UT_TV 1
| #define HAVE_STRUCT_UTMP_UT_XTIME 1
| #define HAVE_STRUCT_SOCKADDR_STORAGE_SS_FAMILY 1
| #define HAVE_DECL_CRYPT 1
| #define HAVE_DECL_ENVIRON 1
| #define HAVE_DECL_GETHOSTNAME 1
| #define HAVE_DECL_GETPGRP 1
| #define HAVE_DUP2 1
| #define HAVE_GETCWD 1
| #define HAVE_GETHOSTNAME 1
| #define HAVE_GETPWENT 1
| #define HAVE_GETUTENT 1
| /* end confdefs.h.  */
| /* Define getutxent to an innocuous variant, in case <limits.h> declares getutxent.
|    For example, HP-UX 11i <limits.h> declares gettimeofday.  */
| #define getutxent innocuous_getutxent
| 
| /* System header to define __stub macros and hopefully few prototypes,
|     which can conflict with char getutxent (); below.
|     Prefer <limits.h> to <assert.h> if __STDC__ is defined, since
|     <limits.h> exists even on freestanding compilers.  */
| 
| #ifdef __STDC__
| # include <limits.h>
| #else
| # include <assert.h>
| #endif
| 
| #undef getutxent
| 
| /* Override any GCC internal prototype to avoid an error.
|    Use char because int might match the return type of a GCC
|    builtin and then its argument prototype would still apply.  */
| #ifdef __cplusplus
| extern "C"
| #endif
| char getutxent ();
| /* The GNU C library defines this for functions which it implements
|     to always fail with ENOSYS.  Some functions are actually named
|     something starting with __ and the normal name is an alias.  */
| #if defined __stub_getutxent || defined __stub___getutxent
| choke me
| #endif
| 
| int
| main ()
| {
| return getutxent ();
|   ;
|   return 0;
| }
configure:6571: result: no
configure:6571: checking for mallinfo
configure:6571: mips-gcc -o conftest -g -O2   conftest.c -lncurses -lcrypt  >&5
/tmp/ccewyjO6.o: In function `main':
/home/hzy19930315/tcsh-6.19.00/conftest.c:82: undefined reference to `mallinfo'
configure:6571: $? = 1
configure: failed program was:
| /* confdefs.h */
| #define PACKAGE_NAME "tcsh"
| #define PACKAGE_TARNAME "tcsh"
| #define PACKAGE_VERSION "6.19.00"
| #define PACKAGE_STRING "tcsh 6.19.00"
| #define PACKAGE_BUGREPORT "http://bugs.gw.com/"
| #define PACKAGE_URL ""
| #define STDC_HEADERS 1
| #define HAVE_SYS_TYPES_H 1
| #define HAVE_SYS_STAT_H 1
| #define HAVE_STDLIB_H 1
| #define HAVE_STRING_H 1
| #define HAVE_MEMORY_H 1
| #define HAVE_STRINGS_H 1
| #define HAVE_INTTYPES_H 1
| #define HAVE_STDINT_H 1
| #define HAVE_UNISTD_H 1
| #define HAVE_CRYPT_H 1
| #define HAVE_FEATURES_H 1
| #define HAVE_INTTYPES_H 1
| #define HAVE_PATHS_H 1
| #define HAVE_SHADOW_H 1
| #define HAVE_STDINT_H 1
| #define HAVE_UTMP_H 1
| #define HAVE_WCHAR_H 1
| #define SIZEOF_WCHAR_T 4
| #define HAVE_WCTYPE_H 1
| #define HAVE_DIRENT_H 1
| #define STDC_HEADERS 1
| #define HAVE_LONG_LONG 1
| #define GETGROUPS_T gid_t
| #define HAVE_STRUCT_DIRENT_D_INO 1
| #define HAVE_STRUCT_UTMP_UT_HOST 1
| #define HAVE_STRUCT_UTMP_UT_USER 1
| #define HAVE_STRUCT_UTMP_UT_TV 1
| #define HAVE_STRUCT_UTMP_UT_XTIME 1
| #define HAVE_STRUCT_SOCKADDR_STORAGE_SS_FAMILY 1
| #define HAVE_DECL_CRYPT 1
| #define HAVE_DECL_ENVIRON 1
| #define HAVE_DECL_GETHOSTNAME 1
| #define HAVE_DECL_GETPGRP 1
| #define HAVE_DUP2 1
| #define HAVE_GETCWD 1
| #define HAVE_GETHOSTNAME 1
| #define HAVE_GETPWENT 1
| #define HAVE_GETUTENT 1
| /* end confdefs.h.  */
| /* Define mallinfo to an innocuous variant, in case <limits.h> declares mallinfo.
|    For example, HP-UX 11i <limits.h> declares gettimeofday.  */
| #define mallinfo innocuous_mallinfo
| 
| /* System header to define __stub macros and hopefully few prototypes,
|     which can conflict with char mallinfo (); below.
|     Prefer <limits.h> to <assert.h> if __STDC__ is defined, since
|     <limits.h> exists even on freestanding compilers.  */
| 
| #ifdef __STDC__
| # include <limits.h>
| #else
| # include <assert.h>
| #endif
| 
| #undef mallinfo
| 
| /* Override any GCC internal prototype to avoid an error.
|    Use char because int might match the return type of a GCC
|    builtin and then its argument prototype would still apply.  */
| #ifdef __cplusplus
| extern "C"
| #endif
| char mallinfo ();
| /* The GNU C library defines this for functions which it implements
|     to always fail with ENOSYS.  Some functions are actually named
|     something starting with __ and the normal name is an alias.  */
| #if defined __stub_mallinfo || defined __stub___mallinfo
| choke me
| #endif
| 
| int
| main ()
| {
| return mallinfo ();
|   ;
|   return 0;
| }
configure:6571: result: no
configure:6571: checking for memmove
configure:6571: mips-gcc -o conftest -g -O2   conftest.c -lncurses -lcrypt  >&5
conftest.c:71: warning: conflicting types for built-in function 'memmove'
configure:6571: $? = 0
configure:6571: result: yes
configure:6571: checking for memset
configure:6571: mips-gcc -o conftest -g -O2   conftest.c -lncurses -lcrypt  >&5
conftest.c:72: warning: conflicting types for built-in function 'memset'
configure:6571: $? = 0
configure:6571: result: yes
configure:6571: checking for mkstemp
configure:6571: mips-gcc -o conftest -g -O2   conftest.c -lncurses -lcrypt  >&5
configure:6571: $? = 0
configure:6571: result: yes
configure:6571: checking for nice
configure:6571: mips-gcc -o conftest -g -O2   conftest.c -lncurses -lcrypt  >&5
configure:6571: $? = 0
configure:6571: result: yes
configure:6571: checking for nl_langinfo
configure:6571: mips-gcc -o conftest -g -O2   conftest.c -lncurses -lcrypt  >&5
configure:6571: $? = 0
configure:6571: result: yes
configure:6571: checking for sbrk
configure:6571: mips-gcc -o conftest -g -O2   conftest.c -lncurses -lcrypt  >&5
configure:6571: $? = 0
configure:6571: result: yes
configure:6571: checking for setpgid
configure:6571: mips-gcc -o conftest -g -O2   conftest.c -lncurses -lcrypt  >&5
configure:6571: $? = 0
configure:6571: result: yes
configure:6571: checking for setpriority
configure:6571: mips-gcc -o conftest -g -O2   conftest.c -lncurses -lcrypt  >&5
configure:6571: $? = 0
configure:6571: result: yes
configure:6571: checking for strerror
configure:6571: mips-gcc -o conftest -g -O2   conftest.c -lncurses -lcrypt  >&5
configure:6571: $? = 0
configure:6571: result: yes
configure:6571: checking for strstr
configure:6571: mips-gcc -o conftest -g -O2   conftest.c -lncurses -lcrypt  >&5
conftest.c:80: warning: conflicting types for built-in function 'strstr'
configure:6571: $? = 0
configure:6571: result: yes
configure:6571: checking for sysconf
configure:6571: mips-gcc -o conftest -g -O2   conftest.c -lncurses -lcrypt  >&5
configure:6571: $? = 0
configure:6571: result: yes
configure:6571: checking for wcwidth
configure:6571: mips-gcc -o conftest -g -O2   conftest.c -lncurses -lcrypt  >&5
configure:6571: $? = 0
configure:6571: result: yes
configure:6580: checking whether getpgrp requires zero arguments
configure:6597: mips-gcc -c -g -O2  conftest.c >&5
conftest.c: In function 'main':
conftest.c:96: error: too many arguments to function 'getpgrp'
configure:6597: $? = 1
configure: failed program was:
| /* confdefs.h */
| #define PACKAGE_NAME "tcsh"
| #define PACKAGE_TARNAME "tcsh"
| #define PACKAGE_VERSION "6.19.00"
| #define PACKAGE_STRING "tcsh 6.19.00"
| #define PACKAGE_BUGREPORT "http://bugs.gw.com/"
| #define PACKAGE_URL ""
| #define STDC_HEADERS 1
| #define HAVE_SYS_TYPES_H 1
| #define HAVE_SYS_STAT_H 1
| #define HAVE_STDLIB_H 1
| #define HAVE_STRING_H 1
| #define HAVE_MEMORY_H 1
| #define HAVE_STRINGS_H 1
| #define HAVE_INTTYPES_H 1
| #define HAVE_STDINT_H 1
| #define HAVE_UNISTD_H 1
| #define HAVE_CRYPT_H 1
| #define HAVE_FEATURES_H 1
| #define HAVE_INTTYPES_H 1
| #define HAVE_PATHS_H 1
| #define HAVE_SHADOW_H 1
| #define HAVE_STDINT_H 1
| #define HAVE_UTMP_H 1
| #define HAVE_WCHAR_H 1
| #define SIZEOF_WCHAR_T 4
| #define HAVE_WCTYPE_H 1
| #define HAVE_DIRENT_H 1
| #define STDC_HEADERS 1
| #define HAVE_LONG_LONG 1
| #define GETGROUPS_T gid_t
| #define HAVE_STRUCT_DIRENT_D_INO 1
| #define HAVE_STRUCT_UTMP_UT_HOST 1
| #define HAVE_STRUCT_UTMP_UT_USER 1
| #define HAVE_STRUCT_UTMP_UT_TV 1
| #define HAVE_STRUCT_UTMP_UT_XTIME 1
| #define HAVE_STRUCT_SOCKADDR_STORAGE_SS_FAMILY 1
| #define HAVE_DECL_CRYPT 1
| #define HAVE_DECL_ENVIRON 1
| #define HAVE_DECL_GETHOSTNAME 1
| #define HAVE_DECL_GETPGRP 1
| #define HAVE_DUP2 1
| #define HAVE_GETCWD 1
| #define HAVE_GETHOSTNAME 1
| #define HAVE_GETPWENT 1
| #define HAVE_GETUTENT 1
| #define HAVE_MEMMOVE 1
| #define HAVE_MEMSET 1
| #define HAVE_MKSTEMP 1
| #define HAVE_NICE 1
| #define HAVE_NL_LANGINFO 1
| #define HAVE_SBRK 1
| #define HAVE_SETPGID 1
| #define HAVE_SETPRIORITY 1
| #define HAVE_STRERROR 1
| #define HAVE_STRSTR 1
| #define HAVE_SYSCONF 1
| #define HAVE_WCWIDTH 1
| /* end confdefs.h.  */
| #include <stdio.h>
| #ifdef HAVE_SYS_TYPES_H
| # include <sys/types.h>
| #endif
| #ifdef HAVE_SYS_STAT_H
| # include <sys/stat.h>
| #endif
| #ifdef STDC_HEADERS
| # include <stdlib.h>
| # include <stddef.h>
| #else
| # ifdef HAVE_STDLIB_H
| #  include <stdlib.h>
| # endif
| #endif
| #ifdef HAVE_STRING_H
| # if !defined STDC_HEADERS && defined HAVE_MEMORY_H
| #  include <memory.h>
| # endif
| # include <string.h>
| #endif
| #ifdef HAVE_STRINGS_H
| # include <strings.h>
| #endif
| #ifdef HAVE_INTTYPES_H
| # include <inttypes.h>
| #endif
| #ifdef HAVE_STDINT_H
| # include <stdint.h>
| #endif
| #ifdef HAVE_UNISTD_H
| # include <unistd.h>
| #endif
| int
| main ()
| {
| getpgrp (0);
|   ;
|   return 0;
| }
configure:6605: result: yes
configure:6614: checking whether mbrtowc and mbstate_t are properly declared
configure:6634: mips-gcc -o conftest -g -O2   conftest.c -lncurses -lcrypt  >&5
configure:6634: $? = 0
configure:6642: result: yes
configure:6694: checking for working strcoll
configure:6725: result: no
configure:6950: creating ./config.status

## ---------------------- ##
## Running config.status. ##
## ---------------------- ##

This file was extended by tcsh config.status 6.19.00, which was
generated by GNU Autoconf 2.69.  Invocation command line was

  CONFIG_FILES    = 
  CONFIG_HEADERS  = 
  CONFIG_LINKS    = 
  CONFIG_COMMANDS = 
  $ ./config.status 

on dev-con-cloud-devshell-6892-devshell-vm-0e7862af-1bbc-44bd-8193

config.status:873: creating Makefile
config.status:873: creating nls/Makefile
config.status:873: creating config.h
config.status:1062: executing ./atconfig commands
configure:8151: WARNING: unrecognized options: --enable-static

## ---------------- ##
## Cache variables. ##
## ---------------- ##

ac_cv_build=mips-unknown-elf
ac_cv_c_compiler_gnu=yes
ac_cv_c_const=yes
ac_cv_c_uint32_t=yes
ac_cv_c_volatile=yes
ac_cv_env_CC_set=set
ac_cv_env_CC_value=mips-gcc
ac_cv_env_CFLAGS_set=
ac_cv_env_CFLAGS_value=
ac_cv_env_CPPFLAGS_set=
ac_cv_env_CPPFLAGS_value=
ac_cv_env_CPP_set=
ac_cv_env_CPP_value=
ac_cv_env_LDFLAGS_set=
ac_cv_env_LDFLAGS_value=
ac_cv_env_LIBS_set=
ac_cv_env_LIBS_value=
ac_cv_env_build_alias_set=set
ac_cv_env_build_alias_value=mips
ac_cv_env_host_alias_set=set
ac_cv_env_host_alias_value=mips-linux
ac_cv_env_target_alias_set=
ac_cv_env_target_alias_value=
ac_cv_func_catgets=no
ac_cv_func_dup2=yes
ac_cv_func_getauthid=no
ac_cv_func_getcwd=yes
ac_cv_func_gethostname=yes
ac_cv_func_getpgrp_void=yes
ac_cv_func_getpwent=yes
ac_cv_func_getutent=yes
ac_cv_func_getutxent=no
ac_cv_func_mallinfo=no
ac_cv_func_mbrtowc=yes
ac_cv_func_memmove=yes
ac_cv_func_memset=yes
ac_cv_func_mkstemp=yes
ac_cv_func_nice=yes
ac_cv_func_nl_langinfo=yes
ac_cv_func_sbrk=yes
ac_cv_func_setlocale=yes
ac_cv_func_setpgid=yes
ac_cv_func_setpgrp_void=yes
ac_cv_func_setpriority=yes
ac_cv_func_strcoll_works=no
ac_cv_func_strerror=yes
ac_cv_func_strstr=yes
ac_cv_func_sysconf=yes
ac_cv_func_wcwidth=yes
ac_cv_have_decl_crypt=yes
ac_cv_have_decl_environ=yes
ac_cv_have_decl_gethostname=yes
ac_cv_have_decl_getpgrp=yes
ac_cv_header_auth_h=no
ac_cv_header_crypt_h=yes
ac_cv_header_dirent_dirent_h=yes
ac_cv_header_features_h=yes
ac_cv_header_inttypes_h=yes
ac_cv_header_memory_h=yes
ac_cv_header_paths_h=yes
ac_cv_header_shadow_h=yes
ac_cv_header_stat_broken=no
ac_cv_header_stdc=yes
ac_cv_header_stdint_h=yes
ac_cv_header_stdlib_h=yes
ac_cv_header_string_h=yes
ac_cv_header_strings_h=yes
ac_cv_header_sys_stat_h=yes
ac_cv_header_sys_types_h=yes
ac_cv_header_unistd_h=yes
ac_cv_header_utmp_h=yes
ac_cv_header_utmpx_h=no
ac_cv_header_wchar_h=yes
ac_cv_header_wctype_h=yes
ac_cv_host=mips-unknown-linux-gnu
ac_cv_host_system_type=mips-unknown-linux-gnu
ac_cv_member_struct_dirent_d_ino=yes
ac_cv_member_struct_sockaddr_storage_ss_family=yes
ac_cv_member_struct_utmp_ut_host=yes
ac_cv_member_struct_utmp_ut_tv=yes
ac_cv_member_struct_utmp_ut_user=yes
ac_cv_member_struct_utmp_ut_xtime=yes
ac_cv_member_struct_utmpx_ut_host=no
ac_cv_member_struct_utmpx_ut_tv=no
ac_cv_member_struct_utmpx_ut_user=no
ac_cv_member_struct_utmpx_ut_xtime=no
ac_cv_objext=o
ac_cv_path_EGREP='/bin/grep -E'
ac_cv_path_GENCAT=/usr/bin/gencat
ac_cv_path_GREP=/bin/grep
ac_cv_path_install='/usr/bin/install -c'
ac_cv_prog_CC=mips-gcc
ac_cv_prog_CPP='mips-gcc -E'
ac_cv_prog_cc_c89=
ac_cv_prog_cc_g=yes
ac_cv_prog_gcc_traditional=no
ac_cv_search_catgets=no
ac_cv_search_connect='none required'
ac_cv_search_crypt=-lcrypt
ac_cv_search_gethostbyname='none required'
ac_cv_search_getspnam='none required'
ac_cv_search_opendir='none required'
ac_cv_search_tgetent=-lncurses
ac_cv_sizeof_wchar_t=4
ac_cv_type_getgroups=gid_t
ac_cv_type_long_long=yes
ac_cv_type_mode_t=yes
ac_cv_type_size_t=yes
ac_cv_type_socklen_t=yes
ac_cv_type_ssize_t=yes
ac_cv_type_uid_t=yes
acl_cv_hardcode_direct=no
acl_cv_hardcode_libdir_flag_spec='${wl}-rpath ${wl}$libdir'
acl_cv_hardcode_libdir_separator=
acl_cv_hardcode_minus_L=no
acl_cv_libext=a
acl_cv_path_LD=/usr/bin/ld
acl_cv_prog_gnu_ld=yes
acl_cv_rpath=done
acl_cv_shlibext=so
acl_cv_wl=-Wl,
am_cv_func_iconv='no, consider installing GNU libiconv'
am_cv_lib_iconv=no

## ----------------- ##
## Output variables. ##
## ----------------- ##

BUILD_CATALOGS=''
CC='mips-gcc'
CC_FOR_GETHOST='cc'
CFLAGS='-g -O2'
CPP='mips-gcc -E'
CPPFLAGS=''
DEFS='-DHAVE_CONFIG_H'
DFLAGS=''
ECHO_C=''
ECHO_N='-n'
ECHO_T=''
EGREP='/bin/grep -E'
EXEEXT=''
GENCAT='/usr/bin/gencat'
GREP='/bin/grep'
HESDEF=''
HESLIB=''
INSTALL_DATA='${INSTALL} -m 644'
INSTALL_PROGRAM='${INSTALL}'
INSTALL_SCRIPT='${INSTALL}'
LDFLAGS=''
LIBICONV=''
LIBOBJS=''
LIBS='-lncurses -lcrypt '
LTLIBICONV=''
LTLIBOBJS=''
OBJEXT='o'
PACKAGE_BUGREPORT='http://bugs.gw.com/'
PACKAGE_NAME='tcsh'
PACKAGE_STRING='tcsh 6.19.00'
PACKAGE_TARNAME='tcsh'
PACKAGE_URL=''
PACKAGE_VERSION='6.19.00'
PATH_SEPARATOR=':'
SHELL='/bin/bash'
ac_ct_CC=''
bindir='${exec_prefix}/bin'
build='mips-unknown-elf'
build_alias='mips'
build_cpu='mips'
build_os='elf'
build_vendor='unknown'
datadir='${datarootdir}'
datarootdir='${prefix}/share'
docdir='${datarootdir}/doc/${PACKAGE_TARNAME}'
dvidir='${docdir}'
exec_prefix='${prefix}'
host='mips-unknown-linux-gnu'
host_alias='mips-linux'
host_cpu='mips'
host_os='linux-gnu'
host_vendor='unknown'
htmldir='${docdir}'
includedir='${prefix}/include'
infodir='${datarootdir}/info'
libdir='${exec_prefix}/lib'
libexecdir='${exec_prefix}/libexec'
localedir='${datarootdir}/locale'
localstatedir='${prefix}/var'
mandir='${datarootdir}/man'
oldincludedir='/usr/include'
pdfdir='${docdir}'
prefix='/usr/local'
program_transform_name='s,x,x,'
psdir='${docdir}'
sbindir='${exec_prefix}/sbin'
sharedstatedir='${prefix}/com'
sysconfdir='${prefix}/etc'
target_alias=''

## ----------- ##
## confdefs.h. ##
## ----------- ##

/* confdefs.h */
#define PACKAGE_NAME "tcsh"
#define PACKAGE_TARNAME "tcsh"
#define PACKAGE_VERSION "6.19.00"
#define PACKAGE_STRING "tcsh 6.19.00"
#define PACKAGE_BUGREPORT "http://bugs.gw.com/"
#define PACKAGE_URL ""
#define STDC_HEADERS 1
#define HAVE_SYS_TYPES_H 1
#define HAVE_SYS_STAT_H 1
#define HAVE_STDLIB_H 1
#define HAVE_STRING_H 1
#define HAVE_MEMORY_H 1
#define HAVE_STRINGS_H 1
#define HAVE_INTTYPES_H 1
#define HAVE_STDINT_H 1
#define HAVE_UNISTD_H 1
#define HAVE_CRYPT_H 1
#define HAVE_FEATURES_H 1
#define HAVE_INTTYPES_H 1
#define HAVE_PATHS_H 1
#define HAVE_SHADOW_H 1
#define HAVE_STDINT_H 1
#define HAVE_UTMP_H 1
#define HAVE_WCHAR_H 1
#define SIZEOF_WCHAR_T 4
#define HAVE_WCTYPE_H 1
#define HAVE_DIRENT_H 1
#define STDC_HEADERS 1
#define HAVE_LONG_LONG 1
#define GETGROUPS_T gid_t
#define HAVE_STRUCT_DIRENT_D_INO 1
#define HAVE_STRUCT_UTMP_UT_HOST 1
#define HAVE_STRUCT_UTMP_UT_USER 1
#define HAVE_STRUCT_UTMP_UT_TV 1
#define HAVE_STRUCT_UTMP_UT_XTIME 1
#define HAVE_STRUCT_SOCKADDR_STORAGE_SS_FAMILY 1
#define HAVE_DECL_CRYPT 1
#define HAVE_DECL_ENVIRON 1
#define HAVE_DECL_GETHOSTNAME 1
#define HAVE_DECL_GETPGRP 1
#define HAVE_DUP2 1
#define HAVE_GETCWD 1
#define HAVE_GETHOSTNAME 1
#define HAVE_GETPWENT 1
#define HAVE_GETUTENT 1
#define HAVE_MEMMOVE 1
#define HAVE_MEMSET 1
#define HAVE_MKSTEMP 1
#define HAVE_NICE 1
#define HAVE_NL_LANGINFO 1
#define HAVE_SBRK 1
#define HAVE_SETPGID 1
#define HAVE_SETPRIORITY 1
#define HAVE_STRERROR 1
#define HAVE_STRSTR 1
#define HAVE_SYSCONF 1
#define HAVE_WCWIDTH 1
#define GETPGRP_VOID 1
#define HAVE_MBRTOWC 1
#define NLS 1

configure: exit 0
